Solver command line: ['/usr/local/bin/scipampl', '/tmp/tmpikiqjd4z.pyomo.nl', '-AMPL', '/tmp/tmp2809v85b_scip.set']

SCIP version 7.0.1 [precision: 8 byte] [memory: block] [mode: optimized] [LP solver: SoPlex 5.0.1] [GitHash: b41d526acf]
Copyright (C) 2002-2020 Konrad-Zuse-Zentrum fuer Informationstechnik Berlin (ZIB)

WARNING: unknown parameter <threads>
External codes: 
  Readline 7.0         GNU library for command line editing (gnu.org/s/readline)
  SoPlex 5.0.1         Linear Programming Solver developed at Zuse Institute Berlin (soplex.zib.de) [GitHash: fcd2a2a5]
  CppAD 20180000.0     Algorithmic Differentiation of C++ algorithms developed by B. Bell (www.coin-or.org/CppAD)
  ZLIB 1.2.11          General purpose compression library by J. Gailly and M. Adler (zlib.net)
  GMP 6.1.2            GNU Multiple Precision Arithmetic Library developed by T. Granlund (gmplib.org)
  ZIMPL 3.4.0          Zuse Institute Mathematical Programming Language developed by T. Koch (zimpl.zib.de)
  PaPILO 1.0.1         parallel presolve for integer and linear optimization (https://github.com/lgottwald/PaPILO) [GitHash: 0638fc4]
  bliss 0.73           Computing Graph Automorphism Groups by T. Junttila and P. Kaski (http://www.tcs.hut.fi/Software/bliss/)
  Ipopt 3.13.2         Interior Point Optimizer developed by A. Waechter et.al. (www.coin-or.org/Ipopt)
  ASL                  AMPL Solver Library developed by D. Gay (www.netlib.com/ampl)


number of parameters = 2628
non-default parameter settings:


read problem </tmp/tmpikiqjd4z.pyomo.nl>
============

original problem has 80 variables (80 bin, 0 int, 0 impl, 0 cont) and 4 constraints

1/1 feasible solution given by solution candidate storage, new primal bound 0.000000e+00

presolving:
   (0.0s) running MILP presolver
   (0.0s) MILP presolver found nothing
   (0.0s) probing: 51/80 (63.8%) - 0 fixings, 0 aggregations, 0 implications, 0 bound changes
   (0.0s) probing aborted: 50/50 successive totally useless probings
   (0.0s) symmetry computation started: requiring (bin +, int -, cont +), (fixed: bin -, int +, cont -)
   (0.0s) symmetry computation finished: 3 generators found (max: 1500, log10 of symmetry group size: 1.4)
(round 1, exhaustive) 0 del vars, 0 del conss, 1 add conss, 0 chg bounds, 0 chg sides, 0 chg coeffs, 0 upgd conss, 0 impls, 0 clqs
presolving (2 rounds: 2 fast, 2 medium, 2 exhaustive):
 0 deleted vars, 0 deleted constraints, 1 added constraints, 0 tightened bounds, 0 added holes, 0 changed sides, 0 changed coefficients
 0 implications, 0 cliques
presolved problem has 80 variables (80 bin, 0 int, 0 impl, 0 cont) and 5 constraints
      4 constraints of type <linear>
      1 constraints of type <orbitope>
Presolving Time: 0.02
transformed 1/1 original solutions to the transformed problem space

 time | node  | left  |LP iter|LP it/n|mem/heur|mdpt |vars |cons |rows |cuts |sepa|confs|strbr|  dualbound   | primalbound  |  gap   | compl. 
i 0.0s|     1 |     0 |     0 |     - |  oneopt|   0 |  80 |   5 |   4 |   0 |  0 |   0 |   0 | 2.333574e+02 | 1.988089e+02 |  17.38%| unknown
  0.0s|     1 |     0 |     4 |     - |  2027k |   0 |  80 |   5 |   4 |   0 |  0 |   0 |   0 | 2.000000e+02 | 1.988089e+02 |   0.60%| unknown
* 0.1s|     1 |     0 |     4 |     - |    LP  |   0 |  80 |   5 |   4 |   0 |  0 |   0 |   0 | 2.000000e+02 | 1.999218e+02 |   0.04%| unknown
  0.1s|     1 |     0 |    12 |     - |  2058k |   0 |  80 |   5 |   8 |   4 |  1 |   0 |   0 | 2.000000e+02 | 1.999218e+02 |   0.04%| unknown
  0.1s|     1 |     0 |    16 |     - |  2124k |   0 |  80 |   5 |  12 |   8 |  2 |   0 |   0 | 2.000000e+02 | 1.999218e+02 |   0.04%| unknown
  0.1s|     1 |     0 |    20 |     - |  2133k |   0 |  80 |   5 |  16 |  12 |  3 |   0 |   0 | 2.000000e+02 | 1.999218e+02 |   0.04%| unknown
  0.1s|     1 |     0 |    24 |     - |  2147k |   0 |  80 |   5 |  20 |  16 |  4 |   0 |   0 | 2.000000e+02 | 1.999218e+02 |   0.04%| unknown
  0.1s|     1 |     0 |    28 |     - |  2149k |   0 |  80 |   5 |  24 |  20 |  5 |   0 |   0 | 2.000000e+02 | 1.999218e+02 |   0.04%| unknown
  0.1s|     1 |     0 |    36 |     - |  2255k |   0 |  80 |   5 |  28 |  24 |  6 |   0 |   0 | 2.000000e+02 | 1.999218e+02 |   0.04%| unknown
  0.1s|     1 |     0 |    48 |     - |  2261k |   0 |  80 |   5 |  32 |  28 |  7 |   0 |   0 | 2.000000e+02 | 1.999218e+02 |   0.04%| unknown
  0.1s|     1 |     0 |    60 |     - |  2413k |   0 |  80 |   5 |  36 |  32 |  8 |   0 |   0 | 2.000000e+02 | 1.999218e+02 |   0.04%| unknown
  0.1s|     1 |     0 |    68 |     - |  2468k |   0 |  80 |   5 |  40 |  36 |  9 |   0 |   0 | 2.000000e+02 | 1.999218e+02 |   0.04%| unknown
  0.2s|     1 |     0 |    72 |     - |  2472k |   0 |  80 |   5 |  44 |  40 | 10 |   0 |   0 | 2.000000e+02 | 1.999218e+02 |   0.04%| unknown
  0.2s|     1 |     0 |    84 |     - |  2509k |   0 |  80 |   5 |  48 |  44 | 11 |   0 |   0 | 2.000000e+02 | 1.999218e+02 |   0.04%| unknown
  0.2s|     1 |     0 |    88 |     - |  2723k |   0 |  80 |   5 |  52 |  48 | 12 |   0 |   0 | 2.000000e+02 | 1.999218e+02 |   0.04%| unknown
 time | node  | left  |LP iter|LP it/n|mem/heur|mdpt |vars |cons |rows |cuts |sepa|confs|strbr|  dualbound   | primalbound  |  gap   | compl. 
  0.2s|     1 |     0 |    92 |     - |  2729k |   0 |  80 |   5 |  56 |  52 | 13 |   0 |   0 | 2.000000e+02 | 1.999218e+02 |   0.04%| unknown
  0.2s|     1 |     0 |    96 |     - |  2736k |   0 |  80 |   5 |  60 |  56 | 14 |   0 |   0 | 2.000000e+02 | 1.999218e+02 |   0.04%| unknown
  0.2s|     1 |     0 |   104 |     - |  2788k |   0 |  80 |   5 |  64 |  60 | 15 |   0 |   0 | 2.000000e+02 | 1.999218e+02 |   0.04%| unknown
  0.2s|     1 |     0 |   108 |     - |  2794k |   0 |  80 |   5 |  68 |  64 | 16 |   0 |   0 | 2.000000e+02 | 1.999218e+02 |   0.04%| unknown
  0.2s|     1 |     0 |   112 |     - |  2908k |   0 |  80 |   5 |  58 |  68 | 17 |   0 |   0 | 2.000000e+02 | 1.999218e+02 |   0.04%| unknown
  0.3s|     1 |     2 |   308 |     - |  3173k |   0 |  80 |  10 |  58 |  68 | 17 |   7 |   4 | 2.000000e+02 | 1.999218e+02 |   0.04%| unknown
  0.5s|   100 |    65 |   565 |   4.6 |  3643k |  24 |  80 |  32 |  24 | 104 |  1 |  33 |  20 | 2.000000e+02 | 1.999218e+02 |   0.04%|   1.95%
  0.6s|   200 |   119 |   856 |   3.7 |  4033k |  28 |  80 |  73 |  16 | 142 |  0 |  77 |  25 | 2.000000e+02 | 1.999218e+02 |   0.04%|   6.10%
* 0.7s|   270 |   148 |  1097 |   3.7 |    LP  |  28 |  80 |  97 |  16 | 179 |  0 | 110 |  33 | 2.000000e+02 | 1.999319e+02 |   0.03%|   6.51%
  0.8s|   300 |   171 |  1142 |   3.4 |  4219k |  28 |  80 | 109 |  20 | 186 |  1 | 122 |  33 | 2.000000e+02 | 1.999319e+02 |   0.03%|   7.54%
* 0.8s|   322 |   152 |  1181 |   3.3 |    LP  |  28 |  80 | 112 |  16 | 193 |  0 | 125 |  33 | 2.000000e+02 | 1.999739e+02 |   0.01%|  10.61%
  0.9s|   400 |   177 |  1297 |   3.0 |  4336k |  28 |  80 | 122 |  20 | 213 |  1 | 138 |  33 | 2.000000e+02 | 1.999739e+02 |   0.01%|  13.71%
  1.0s|   500 |   196 |  1421 |   2.6 |  4336k |  28 |  80 | 141 |   0 | 238 |  0 | 157 |  33 | 2.000000e+02 | 1.999739e+02 |   0.01%|  17.28%
L 1.2s|   565 |   197 |  1522 |   2.5 |crossove|  30 |  80 | 149 |  30 | 252 |  3 | 166 |  33 | 2.000000e+02 | 1.999830e+02 |   0.01%|  19.06%
  1.2s|   600 |   202 |  1567 |   2.4 |  4349k |  32 |  80 | 155 |  16 | 260 |  1 | 176 |  40 | 2.000000e+02 | 1.999830e+02 |   0.01%|  19.36%
 time | node  | left  |LP iter|LP it/n|mem/heur|mdpt |vars |cons |rows |cuts |sepa|confs|strbr|  dualbound   | primalbound  |  gap   | compl. 
  1.3s|   700 |   210 |  1670 |   2.2 |  4354k |  32 |  80 | 169 |   0 | 272 |  0 | 200 |  40 | 2.000000e+02 | 1.999830e+02 |   0.01%|  20.86%
  1.4s|   800 |   232 |  1802 |   2.1 |  4355k |  32 |  80 | 188 |  23 | 288 |  1 | 221 |  40 | 2.000000e+02 | 1.999830e+02 |   0.01%|  22.88%
  1.5s|   900 |   248 |  1953 |   2.0 |  4439k |  32 |  80 | 215 |   0 | 305 |  0 | 253 |  40 | 2.000000e+02 | 1.999830e+02 |   0.01%|  25.33%
  1.6s|  1000 |   270 |  2098 |   2.0 |  4504k |  37 |  80 | 234 |  26 | 330 |  1 | 273 |  40 | 2.000000e+02 | 1.999830e+02 |   0.01%|  27.16%
  1.7s|  1100 |   282 |  2233 |   1.9 |  4511k |  37 |  80 | 257 |  23 | 351 |  1 | 302 |  40 | 2.000000e+02 | 1.999830e+02 |   0.01%|  28.70%
  1.8s|  1200 |   309 |  2377 |   1.9 |  4591k |  37 |  80 | 284 |  30 | 367 |  2 | 332 |  43 | 2.000000e+02 | 1.999830e+02 |   0.01%|  29.80%
  1.9s|  1300 |   315 |  2511 |   1.8 |  4608k |  37 |  80 | 317 |  16 | 384 |  1 | 368 |  43 | 2.000000e+02 | 1.999830e+02 |   0.01%|  31.53%
  2.0s|  1400 |   332 |  2648 |   1.8 |  4633k |  37 |  80 | 343 |  24 | 409 |  1 | 399 |  43 | 2.000000e+02 | 1.999830e+02 |   0.01%|  32.83%
Restart triggered after 50 consecutive estimations that the remaining tree will be large
(run 1, node 1463) performing user restart

(restart) converted 1 cuts from the global cut pool into linear constraints

presolving:
(round 1, fast)       0 del vars, 9 del conss, 0 add conss, 0 chg bounds, 1 chg sides, 1 chg coeffs, 0 upgd conss, 0 impls, 25 clqs
(round 2, exhaustive) 0 del vars, 14 del conss, 0 add conss, 0 chg bounds, 1 chg sides, 1 chg coeffs, 0 upgd conss, 0 impls, 25 clqs
(round 3, exhaustive) 0 del vars, 14 del conss, 0 add conss, 0 chg bounds, 1 chg sides, 1 chg coeffs, 1 upgd conss, 0 impls, 25 clqs
(round 4, exhaustive) 0 del vars, 121 del conss, 0 add conss, 0 chg bounds, 1 chg sides, 165 chg coeffs, 1 upgd conss, 0 impls, 25 clqs
(round 5, exhaustive) 0 del vars, 127 del conss, 0 add conss, 0 chg bounds, 1 chg sides, 165 chg coeffs, 1 upgd conss, 0 impls, 25 clqs
(round 6, exhaustive) 0 del vars, 127 del conss, 0 add conss, 0 chg bounds, 1 chg sides, 226 chg coeffs, 1 upgd conss, 0 impls, 25 clqs
(round 7, exhaustive) 0 del vars, 136 del conss, 0 add conss, 0 chg bounds, 1 chg sides, 245 chg coeffs, 1 upgd conss, 0 impls, 26 clqs
(round 8, exhaustive) 0 del vars, 140 del conss, 0 add conss, 0 chg bounds, 1 chg sides, 245 chg coeffs, 1 upgd conss, 0 impls, 26 clqs
presolving (9 rounds: 9 fast, 8 medium, 8 exhaustive):
 0 deleted vars, 140 deleted constraints, 0 added constraints, 0 tightened bounds, 0 added holes, 1 changed sides, 245 changed coefficients
 0 implications, 26 cliques
presolved problem has 80 variables (80 bin, 0 int, 0 impl, 0 cont) and 214 constraints
      1 constraints of type <knapsack>
      5 constraints of type <setppc>
     12 constraints of type <linear>
      1 constraints of type <orbitope>
    195 constraints of type <logicor>
Presolving Time: 0.06
transformed 4/100 original solutions to the transformed problem space

 time | node  | left  |LP iter|LP it/n|mem/heur|mdpt |vars |cons |rows |cuts |sepa|confs|strbr|  dualbound   | primalbound  |  gap   | compl. 
  2.1s|     1 |     0 |  2711 |     - |  4945k |   0 |  80 | 215 |   5 |   0 |  0 | 420 |  43 | 2.000000e+02 | 1.999830e+02 |   0.01%| unknown
  2.1s|     1 |     0 |  2715 |     - |  4947k |   0 |  80 | 215 |   9 |   4 |  1 | 420 |  43 | 2.000000e+02 | 1.999830e+02 |   0.01%| unknown
  2.1s|     1 |     0 |  2719 |     - |  4947k |   0 |  80 | 215 |  13 |   8 |  2 | 420 |  43 | 2.000000e+02 | 1.999830e+02 |   0.01%| unknown
  2.1s|     1 |     0 |  2723 |     - |  4947k |   0 |  80 | 215 |  17 |  12 |  3 | 420 |  43 | 2.000000e+02 | 1.999830e+02 |   0.01%| unknown
  2.1s|     1 |     0 |  2733 |     - |  4947k |   0 |  80 | 215 |  24 |  19 |  4 | 420 |  43 | 2.000000e+02 | 1.999830e+02 |   0.01%| unknown
  2.2s|     1 |     0 |  2741 |     - |  4947k |   0 |  80 | 216 |  30 |  25 |  5 | 421 |  43 | 2.000000e+02 | 1.999830e+02 |   0.01%| unknown
  2.2s|     1 |     0 |  2746 |     - |  4950k |   0 |  80 | 216 |  35 |  30 |  6 | 421 |  43 | 2.000000e+02 | 1.999830e+02 |   0.01%| unknown
  2.2s|     1 |     0 |  2760 |     - |  4954k |   0 |  80 | 216 |  39 |  34 |  7 | 421 |  43 | 2.000000e+02 | 1.999830e+02 |   0.01%| unknown
  2.2s|     1 |     0 |  2774 |     - |  4958k |   0 |  80 | 217 |  46 |  41 |  8 | 422 |  43 | 2.000000e+02 | 1.999830e+02 |   0.01%| unknown
  2.2s|     1 |     0 |  2781 |     - |  4962k |   0 |  80 | 217 |  51 |  46 |  9 | 422 |  43 | 2.000000e+02 | 1.999830e+02 |   0.01%| unknown
  2.2s|     1 |     0 |  2793 |     - |  4968k |   0 |  80 | 217 |  56 |  51 | 10 | 422 |  43 | 2.000000e+02 | 1.999830e+02 |   0.01%| unknown
  2.2s|     1 |     0 |  2799 |     - |  4968k |   0 |  80 | 217 |  59 |  54 | 11 | 422 |  43 | 2.000000e+02 | 1.999830e+02 |   0.01%| unknown
  2.2s|     1 |     2 |  3020 |     - |  4968k |   0 |  80 | 227 |  59 |  54 | 11 | 433 |  47 | 2.000000e+02 | 1.999830e+02 |   0.01%| unknown
  2.4s|   100 |    24 |  3158 |   1.9 |  4978k |  18 |  80 | 229 |  17 |  88 |  1 | 435 |  47 | 2.000000e+02 | 1.999830e+02 |   0.01%|  16.32%
  2.4s|   200 |    56 |  3370 |   1.9 |  4979k |  19 |  80 | 233 |   0 | 156 |  0 | 440 |  47 | 2.000000e+02 | 1.999830e+02 |   0.01%|  16.73%
 time | node  | left  |LP iter|LP it/n|mem/heur|mdpt |vars |cons |rows |cuts |sepa|confs|strbr|  dualbound   | primalbound  |  gap   | compl. 
  2.5s|   300 |    72 |  3527 |   1.9 |  4979k |  21 |  80 | 235 |  10 | 192 |  1 | 442 |  47 | 2.000000e+02 | 1.999830e+02 |   0.01%|  17.33%
  2.5s|   400 |    92 |  3678 |   1.9 |  4979k |  29 |  80 | 240 |  16 | 225 |  1 | 448 |  47 | 2.000000e+02 | 1.999830e+02 |   0.01%|  17.47%
  2.6s|   500 |   113 |  3823 |   1.8 |  4979k |  29 |  80 | 243 |   0 | 266 |  0 | 452 |  47 | 2.000000e+02 | 1.999830e+02 |   0.01%|  17.72%
  2.7s|   600 |   117 |  3958 |   1.8 |  4979k |  29 |  80 | 251 |  16 | 302 |  1 | 461 |  47 | 2.000000e+02 | 1.999830e+02 |   0.01%|  19.19%
  2.8s|   700 |   125 |  4086 |   1.8 |  4979k |  29 |  80 | 251 |  17 | 317 |  1 | 463 |  47 | 2.000000e+02 | 1.999830e+02 |   0.01%|  21.50%
  3.0s|   800 |   135 |  4214 |   1.8 |  4987k |  29 |  80 | 255 |   0 | 340 |  0 | 470 |  47 | 2.000000e+02 | 1.999830e+02 |   0.01%|  24.48%
  3.0s|   900 |   151 |  4507 |   1.8 |  4989k |  29 |  80 | 263 |  21 | 414 |  1 | 479 |  47 | 2.000000e+02 | 1.999830e+02 |   0.01%|  30.64%
  3.1s|  1000 |   151 |  4645 |   1.8 |  4989k |  29 |  80 | 266 |   0 | 428 |  0 | 485 |  47 | 2.000000e+02 | 1.999830e+02 |   0.01%|  30.71%
  3.2s|  1100 |   156 |  4769 |   1.8 |  5083k |  29 |  80 | 269 |  23 | 443 |  1 | 491 |  47 | 2.000000e+02 | 1.999830e+02 |   0.01%|  30.75%
  3.4s|  1200 |   164 |  4894 |   1.8 |  5083k |  29 |  80 | 282 |  19 | 465 |  0 | 507 |  47 | 2.000000e+02 | 1.999830e+02 |   0.01%|  30.75%
  3.4s|  1300 |   169 |  4971 |   1.7 |  5083k |  29 |  80 | 282 |  19 | 465 |  1 | 511 |  47 | 2.000000e+02 | 1.999830e+02 |   0.01%|  30.77%
  3.4s|  1400 |   170 |  5104 |   1.7 |  5083k |  29 |  80 | 283 |   0 | 477 |  0 | 520 |  47 | 2.000000e+02 | 1.999830e+02 |   0.01%|  30.78%
  3.5s|  1500 |   182 |  5297 |   1.7 |  5096k |  29 |  80 | 283 |   0 | 521 |  0 | 521 |  49 | 2.000000e+02 | 1.999830e+02 |   0.01%|  30.78%
  3.5s|  1600 |   189 |  5454 |   1.7 |  5096k |  29 |  80 | 283 |   0 | 553 |  0 | 526 |  49 | 2.000000e+02 | 1.999830e+02 |   0.01%|  30.80%
  3.5s|  1700 |   191 |  5615 |   1.7 |  5096k |  29 |  80 | 283 |   0 | 613 |  0 | 533 |  49 | 2.000000e+02 | 1.999830e+02 |   0.01%|  30.80%
 time | node  | left  |LP iter|LP it/n|mem/heur|mdpt |vars |cons |rows |cuts |sepa|confs|strbr|  dualbound   | primalbound  |  gap   | compl. 
  3.6s|  1800 |   190 |  5782 |   1.7 |  5096k |  29 |  80 | 283 |  20 | 670 |  1 | 540 |  49 | 2.000000e+02 | 1.999830e+02 |   0.01%|  30.81%
  3.6s|  1900 |   192 |  5878 |   1.7 |  5096k |  29 |  80 | 282 |   0 | 686 |  0 | 542 |  49 | 2.000000e+02 | 1.999830e+02 |   0.01%|  30.81%
  3.7s|  2000 |   199 |  6020 |   1.7 |  5098k |  35 |  80 | 281 |  17 | 701 |  1 | 546 |  51 | 2.000000e+02 | 1.999830e+02 |   0.01%|  30.82%
  3.7s|  2100 |   206 |  6185 |   1.7 |  5102k |  35 |  80 | 282 |  18 | 722 |  1 | 555 |  55 | 2.000000e+02 | 1.999830e+02 |   0.01%|  30.83%
  3.7s|  2200 |   208 |  6269 |   1.7 |  5104k |  36 |  80 | 284 |  21 | 722 |  1 | 557 |  68 | 2.000000e+02 | 1.999830e+02 |   0.01%|  30.83%
  3.7s|  2300 |   216 |  6377 |   1.6 |  5104k |  36 |  80 | 286 |   0 | 722 |  0 | 560 |  89 | 2.000000e+02 | 1.999830e+02 |   0.01%|  30.83%
  3.8s|  2400 |   222 |  6564 |   1.6 |  5105k |  40 |  80 | 288 |  15 | 731 |  1 | 564 | 128 | 2.000000e+02 | 1.999830e+02 |   0.01%|  30.96%
  3.8s|  2500 |   224 |  6723 |   1.6 |  5109k |  40 |  80 | 292 |   0 | 735 |  0 | 576 | 161 | 2.000000e+02 | 1.999830e+02 |   0.01%|  30.97%
  3.8s|  2600 |   216 |  6846 |   1.6 |  5109k |  40 |  80 | 293 |   0 | 739 |  0 | 580 | 189 | 2.000000e+02 | 1.999830e+02 |   0.01%|  30.99%
  3.9s|  2700 |   220 |  6964 |   1.6 |  5109k |  40 |  80 | 295 |  20 | 757 |  1 | 586 | 189 | 2.000000e+02 | 1.999830e+02 |   0.01%|  30.99%
  3.9s|  2800 |   218 |  7039 |   1.6 |  5109k |  40 |  80 | 296 |  17 | 765 |  1 | 590 | 189 | 2.000000e+02 | 1.999830e+02 |   0.01%|  31.00%
  3.9s|  2900 |   213 |  7140 |   1.6 |  5111k |  40 |  80 | 299 |   0 | 776 |  0 | 597 | 189 | 2.000000e+02 | 1.999830e+02 |   0.01%|  31.01%
  4.0s|  3000 |   221 |  7256 |   1.6 |  5116k |  40 |  80 | 301 |   0 | 785 |  0 | 601 | 218 | 2.000000e+02 | 1.999830e+02 |   0.01%|  31.01%
  4.0s|  3100 |   219 |  7362 |   1.6 |  5116k |  40 |  80 | 301 |  21 | 795 |  1 | 607 | 218 | 2.000000e+02 | 1.999830e+02 |   0.01%|  31.01%
  4.0s|  3200 |   231 |  7481 |   1.6 |  5116k |  40 |  80 | 301 |  21 | 797 |  1 | 607 | 244 | 2.000000e+02 | 1.999830e+02 |   0.01%|  31.01%
 time | node  | left  |LP iter|LP it/n|mem/heur|mdpt |vars |cons |rows |cuts |sepa|confs|strbr|  dualbound   | primalbound  |  gap   | compl. 
  4.1s|  3300 |   245 |  7587 |   1.6 |  5116k |  40 |  80 | 302 |   0 | 806 |  0 | 608 | 244 | 2.000000e+02 | 1.999830e+02 |   0.01%|  31.01%
  4.1s|  3400 |   242 |  7717 |   1.5 |  5116k |  40 |  80 | 305 |   0 | 818 |  0 | 612 | 245 | 2.000000e+02 | 1.999830e+02 |   0.01%|  31.02%
  4.1s|  3500 |   248 |  7794 |   1.5 |  5116k |  40 |  80 | 306 |  21 | 820 |  1 | 614 | 245 | 2.000000e+02 | 1.999830e+02 |   0.01%|  31.02%
  4.1s|  3600 |   258 |  7880 |   1.5 |  5126k |  42 |  80 | 312 |   0 | 828 |  0 | 624 | 251 | 2.000000e+02 | 1.999830e+02 |   0.01%|  31.02%
  4.2s|  3700 |   271 |  7989 |   1.5 |  5134k |  42 |  80 | 312 |   0 | 838 |  0 | 627 | 255 | 2.000000e+02 | 1.999830e+02 |   0.01%|  31.02%
  4.2s|  3800 |   295 |  8122 |   1.5 |  5134k |  42 |  80 | 313 |  22 | 853 |  1 | 629 | 260 | 2.000000e+02 | 1.999830e+02 |   0.01%|  31.02%
  4.2s|  3900 |   307 |  8208 |   1.5 |  5134k |  42 |  80 | 315 |   0 | 862 |  0 | 631 | 264 | 2.000000e+02 | 1.999830e+02 |   0.01%|  31.02%
  4.2s|  4000 |   329 |  8330 |   1.5 |  5164k |  51 |  80 | 316 |   0 | 881 |  0 | 636 | 274 | 2.000000e+02 | 1.999830e+02 |   0.01%|  31.02%
  4.3s|  4100 |   334 |  8488 |   1.5 |  5229k |  51 |  80 | 321 |   0 | 919 |  0 | 646 | 292 | 2.000000e+02 | 1.999830e+02 |   0.01%|  31.09%
  4.3s|  4200 |   340 |  8630 |   1.5 |  5229k |  51 |  80 | 323 |   0 | 934 |  0 | 648 | 294 | 2.000000e+02 | 1.999830e+02 |   0.01%|  31.09%
  4.3s|  4300 |   340 |  8745 |   1.5 |  5229k |  51 |  80 | 322 |  19 | 944 |  1 | 648 | 294 | 2.000000e+02 | 1.999830e+02 |   0.01%|  31.09%
  4.4s|  4400 |   340 |  8884 |   1.5 |  5229k |  51 |  80 | 322 |  21 | 971 |  1 | 648 | 294 | 2.000000e+02 | 1.999830e+02 |   0.01%|  31.09%
  4.4s|  4500 |   342 |  9035 |   1.5 |  5242k |  51 |  80 | 319 |   0 | 989 |  0 | 648 | 294 | 2.000000e+02 | 1.999830e+02 |   0.01%|  31.09%
  4.5s|  4600 |   346 |  9144 |   1.5 |  5371k |  51 |  80 | 317 |  22 |1004 |  2 | 648 | 294 | 2.000000e+02 | 1.999830e+02 |   0.01%|  31.09%
  4.5s|  4700 |   346 |  9255 |   1.5 |  5371k |  51 |  80 | 313 |   0 |1019 |  0 | 648 | 294 | 2.000000e+02 | 1.999830e+02 |   0.01%|  31.09%
 time | node  | left  |LP iter|LP it/n|mem/heur|mdpt |vars |cons |rows |cuts |sepa|confs|strbr|  dualbound   | primalbound  |  gap   | compl. 
  4.5s|  4800 |   352 |  9382 |   1.5 |  5371k |  51 |  80 | 313 |   0 |1031 |  0 | 648 | 311 | 2.000000e+02 | 1.999830e+02 |   0.01%|  31.09%
  4.6s|  4900 |   364 |  9474 |   1.5 |  5378k |  51 |  80 | 313 |   0 |1034 |  0 | 649 | 323 | 2.000000e+02 | 1.999830e+02 |   0.01%|  31.09%
  4.6s|  5000 |   366 |  9612 |   1.5 |  5378k |  51 |  80 | 311 |   0 |1043 |  0 | 650 | 353 | 2.000000e+02 | 1.999830e+02 |   0.01%|  31.09%
  4.6s|  5100 |   362 |  9734 |   1.5 |  5378k |  51 |  80 | 309 |   0 |1062 |  0 | 650 | 372 | 2.000000e+02 | 1.999830e+02 |   0.01%|  31.09%
  4.7s|  5200 |   378 |  9835 |   1.4 |  5411k |  51 |  80 | 309 |  22 |1081 |  1 | 652 | 379 | 2.000000e+02 | 1.999830e+02 |   0.01%|  31.10%
  4.7s|  5300 |   386 |  9988 |   1.4 |  5413k |  51 |  80 | 307 |   0 |1123 |  0 | 653 | 387 | 2.000000e+02 | 1.999830e+02 |   0.01%|  31.10%
  4.7s|  5400 |   393 | 10164 |   1.5 |  5538k |  51 |  80 | 310 |   0 |1172 |  0 | 659 | 390 | 2.000000e+02 | 1.999830e+02 |   0.01%|  31.10%
  4.8s|  5500 |   401 | 10285 |   1.4 |  5554k |  51 |  80 | 310 |  27 |1195 |  1 | 661 | 392 | 2.000000e+02 | 1.999830e+02 |   0.01%|  31.10%
  4.8s|  5600 |   401 | 10447 |   1.5 |  5554k |  51 |  80 | 309 |  27 |1241 |  3 | 669 | 396 | 2.000000e+02 | 1.999830e+02 |   0.01%|  31.10%
  4.9s|  5700 |   405 | 10688 |   1.5 |  5564k |  51 |  80 | 312 |   0 |1304 |  0 | 676 | 423 | 2.000000e+02 | 1.999830e+02 |   0.01%|  31.10%
  4.9s|  5800 |   411 | 10778 |   1.5 |  5564k |  51 |  80 | 311 |  19 |1309 |  1 | 676 | 423 | 2.000000e+02 | 1.999830e+02 |   0.01%|  31.10%
  5.0s|  5900 |   418 | 10868 |   1.4 |  5629k |  51 |  80 | 311 |  23 |1321 |  1 | 681 | 423 | 2.000000e+02 | 1.999830e+02 |   0.01%|  31.10%
  5.0s|  6000 |   417 | 10952 |   1.4 |  5761k |  51 |  80 | 310 |   0 |1329 |  0 | 686 | 423 | 2.000000e+02 | 1.999830e+02 |   0.01%|  31.10%
  5.0s|  6100 |   411 | 11086 |   1.4 |  5764k |  51 |  80 | 316 |  21 |1362 |  1 | 696 | 423 | 2.000000e+02 | 1.999830e+02 |   0.01%|  31.10%
  5.0s|  6200 |   417 | 11172 |   1.4 |  5767k |  51 |  80 | 316 |   0 |1375 |  0 | 699 | 423 | 2.000000e+02 | 1.999830e+02 |   0.01%|  31.10%
 time | node  | left  |LP iter|LP it/n|mem/heur|mdpt |vars |cons |rows |cuts |sepa|confs|strbr|  dualbound   | primalbound  |  gap   | compl. 
  5.1s|  6300 |   423 | 11235 |   1.4 |  5767k |  51 |  80 | 315 |  22 |1378 |  1 | 699 | 423 | 2.000000e+02 | 1.999830e+02 |   0.01%|  31.10%
  5.1s|  6400 |   425 | 11299 |   1.4 |  5767k |  51 |  80 | 315 |  22 |1383 |  1 | 703 | 423 | 2.000000e+02 | 1.999830e+02 |   0.01%|  31.10%
  5.1s|  6500 |   433 | 11398 |   1.4 |  5767k |  51 |  80 | 317 |  23 |1393 |  1 | 706 | 423 | 2.000000e+02 | 1.999830e+02 |   0.01%|  31.10%
  5.1s|  6600 |   423 | 11479 |   1.4 |  5767k |  51 |  80 | 318 |   0 |1398 |  0 | 709 | 423 | 2.000000e+02 | 1.999830e+02 |   0.01%|  31.10%
  5.2s|  6700 |   425 | 11585 |   1.4 |  5767k |  51 |  80 | 320 |  22 |1408 |  1 | 716 | 426 | 2.000000e+02 | 1.999830e+02 |   0.01%|  31.10%
  5.2s|  6800 |   429 | 11665 |   1.4 |  5767k |  51 |  80 | 320 |  23 |1418 |  1 | 717 | 426 | 2.000000e+02 | 1.999830e+02 |   0.01%|  31.10%
  5.2s|  6900 |   431 | 11731 |   1.4 |  5767k |  51 |  80 | 320 |   0 |1422 |  0 | 722 | 426 | 2.000000e+02 | 1.999830e+02 |   0.01%|  31.10%
  5.3s|  7000 |   438 | 11838 |   1.4 |  5767k |  51 |  80 | 321 |  24 |1432 |  1 | 729 | 436 | 2.000000e+02 | 1.999830e+02 |   0.01%|  31.10%
  5.3s|  7100 |   444 | 11935 |   1.4 |  5767k |  51 |  80 | 321 |  23 |1437 |  1 | 732 | 436 | 2.000000e+02 | 1.999830e+02 |   0.01%|  31.10%
  5.3s|  7200 |   446 | 12028 |   1.4 |  5767k |  51 |  80 | 320 |  20 |1448 |  1 | 732 | 436 | 2.000000e+02 | 1.999830e+02 |   0.01%|  31.10%
  5.3s|  7300 |   461 | 12129 |   1.4 |  5767k |  51 |  80 | 320 |   0 |1456 |  0 | 737 | 436 | 2.000000e+02 | 1.999830e+02 |   0.01%|  31.11%
  5.4s|  7400 |   464 | 12204 |   1.4 |  5767k |  51 |  80 | 324 |  22 |1462 |  1 | 747 | 436 | 2.000000e+02 | 1.999830e+02 |   0.01%|  31.11%
  5.4s|  7500 |   466 | 12284 |   1.3 |  5779k |  51 |  80 | 324 |  23 |1470 |  1 | 752 | 436 | 2.000000e+02 | 1.999830e+02 |   0.01%|  31.11%
  5.4s|  7600 |   470 | 12361 |   1.3 |  5779k |  51 |  80 | 323 |  22 |1470 |  1 | 757 | 436 | 2.000000e+02 | 1.999830e+02 |   0.01%|  35.69%
  5.4s|  7700 |   472 | 12449 |   1.3 |  5779k |  51 |  80 | 322 |   0 |1480 |  0 | 757 | 436 | 2.000000e+02 | 1.999830e+02 |   0.01%|  35.69%
 time | node  | left  |LP iter|LP it/n|mem/heur|mdpt |vars |cons |rows |cuts |sepa|confs|strbr|  dualbound   | primalbound  |  gap   | compl. 
  5.5s|  7800 |   480 | 12580 |   1.3 |  5779k |  51 |  80 | 322 |  21 |1496 |  3 | 758 | 436 | 2.000000e+02 | 1.999830e+02 |   0.01%|  35.69%
  5.5s|  7900 |   479 | 12693 |   1.3 |  5781k |  51 |  80 | 322 |  19 |1507 |  1 | 766 | 436 | 2.000000e+02 | 1.999830e+02 |   0.01%|  35.69%
  5.5s|  8000 |   474 | 12765 |   1.3 |  5781k |  51 |  80 | 322 |   0 |1508 |  0 | 767 | 436 | 2.000000e+02 | 1.999830e+02 |   0.01%|  35.69%
  5.5s|  8100 |   476 | 12868 |   1.3 |  5781k |  51 |  80 | 322 |   0 |1518 |  0 | 769 | 436 | 2.000000e+02 | 1.999830e+02 |   0.01%|  35.69%
  5.6s|  8200 |   478 | 12939 |   1.3 |  5781k |  51 |  80 | 321 |  26 |1522 |  2 | 773 | 436 | 2.000000e+02 | 1.999830e+02 |   0.01%|  35.69%
  5.6s|  8300 |   478 | 13030 |   1.3 |  5781k |  51 |  80 | 322 |   0 |1535 |  0 | 776 | 436 | 2.000000e+02 | 1.999830e+02 |   0.01%|  35.70%
  5.6s|  8400 |   484 | 13098 |   1.3 |  5784k |  51 |  80 | 321 |   0 |1535 |  0 | 778 | 436 | 2.000000e+02 | 1.999830e+02 |   0.01%|  35.70%
  5.6s|  8500 |   488 | 13182 |   1.3 |  5784k |  51 |  80 | 319 |   0 |1542 |  0 | 778 | 436 | 2.000000e+02 | 1.999830e+02 |   0.01%|  35.70%
  5.7s|  8600 |   489 | 13262 |   1.3 |  5784k |  51 |  80 | 321 |  24 |1545 |  1 | 781 | 436 | 2.000000e+02 | 1.999830e+02 |   0.01%|  35.70%
  5.7s|  8700 |   489 | 13327 |   1.3 |  5791k |  51 |  80 | 321 |   0 |1549 |  0 | 787 | 436 | 2.000000e+02 | 1.999830e+02 |   0.01%|  35.70%
  5.7s|  8800 |   489 | 13395 |   1.3 |  5801k |  51 |  80 | 321 |  24 |1550 |  1 | 791 | 439 | 2.000000e+02 | 1.999830e+02 |   0.01%|  35.70%
  5.7s|  8900 |   488 | 13453 |   1.3 |  5801k |  51 |  80 | 321 |   0 |1550 |  0 | 794 | 439 | 2.000000e+02 | 1.999830e+02 |   0.01%|  35.70%
  5.8s|  9000 |   486 | 13517 |   1.3 |  5801k |  51 |  80 | 321 |  22 |1555 |  1 | 799 | 439 | 2.000000e+02 | 1.999830e+02 |   0.01%|  35.70%
  5.8s|  9100 |   488 | 13582 |   1.3 |  5801k |  51 |  80 | 320 |  23 |1562 |  1 | 799 | 439 | 2.000000e+02 | 1.999830e+02 |   0.01%|  35.70%
  5.8s|  9200 |   490 | 13654 |   1.3 |  5801k |  51 |  80 | 319 |  24 |1564 |  1 | 803 | 446 | 2.000000e+02 | 1.999830e+02 |   0.01%|  35.70%
 time | node  | left  |LP iter|LP it/n|mem/heur|mdpt |vars |cons |rows |cuts |sepa|confs|strbr|  dualbound   | primalbound  |  gap   | compl. 
  5.8s|  9300 |   494 | 13733 |   1.3 |  5801k |  51 |  80 | 319 |   0 |1564 |  0 | 806 | 446 | 2.000000e+02 | 1.999830e+02 |   0.01%|  35.70%
  5.9s|  9400 |   488 | 13798 |   1.3 |  5804k |  51 |  80 | 317 |   0 |1564 |  0 | 809 | 458 | 2.000000e+02 | 1.999830e+02 |   0.01%|  35.70%
  5.9s|  9500 |   490 | 13860 |   1.2 |  5804k |  51 |  80 | 320 |  21 |1565 |  1 | 814 | 458 | 2.000000e+02 | 1.999830e+02 |   0.01%|  35.70%
  5.9s|  9600 |   489 | 13924 |   1.2 |  5804k |  51 |  80 | 320 |  21 |1565 |  1 | 817 | 458 | 2.000000e+02 | 1.999830e+02 |   0.01%|  35.70%
  5.9s|  9700 |   496 | 13984 |   1.2 |  5805k |  51 |  80 | 319 |  21 |1565 |  1 | 821 | 458 | 2.000000e+02 | 1.999830e+02 |   0.01%|  35.70%
  6.0s|  9800 |   492 | 14040 |   1.2 |  5805k |  51 |  80 | 318 |  22 |1565 |  1 | 826 | 458 | 2.000000e+02 | 1.999830e+02 |   0.01%|  35.70%
  6.0s|  9900 |   488 | 14146 |   1.2 |  5912k |  51 |  80 | 318 |   0 |1568 |  0 | 829 | 458 | 2.000000e+02 | 1.999830e+02 |   0.01%|  35.70%
  6.0s| 10000 |   488 | 14228 |   1.2 |  5912k |  51 |  80 | 318 |   0 |1580 |  0 | 832 | 458 | 2.000000e+02 | 1.999830e+02 |   0.01%|  35.70%
  6.0s| 10100 |   491 | 14290 |   1.2 |  5912k |  51 |  80 | 319 |  23 |1580 |  1 | 835 | 458 | 2.000000e+02 | 1.999830e+02 |   0.01%|  35.70%
  6.1s| 10200 |   483 | 14371 |   1.2 |  5952k |  51 |  80 | 316 |  29 |1588 |  1 | 838 | 463 | 2.000000e+02 | 1.999830e+02 |   0.01%|  35.70%
  6.1s| 10300 |   475 | 14488 |   1.2 |  5952k |  51 |  80 | 318 |  25 |1617 |  1 | 848 | 464 | 2.000000e+02 | 1.999830e+02 |   0.01%|  35.70%
  6.1s| 10400 |   480 | 14584 |   1.2 |  5954k |  51 |  80 | 320 |  27 |1629 |  1 | 852 | 470 | 2.000000e+02 | 1.999830e+02 |   0.01%|  35.70%
  6.2s| 10500 |   485 | 14646 |   1.2 |  5954k |  51 |  80 | 320 |  27 |1629 |  1 | 857 | 470 | 2.000000e+02 | 1.999830e+02 |   0.01%|  35.70%
  6.2s| 10600 |   487 | 14718 |   1.2 |  5954k |  51 |  80 | 318 |   0 |1629 |  0 | 860 | 473 | 2.000000e+02 | 1.999830e+02 |   0.01%|  35.70%
  6.2s| 10700 |   483 | 14781 |   1.2 |  5954k |  51 |  80 | 317 |  27 |1633 |  1 | 863 | 473 | 2.000000e+02 | 1.999830e+02 |   0.01%|  35.70%
 time | node  | left  |LP iter|LP it/n|mem/heur|mdpt |vars |cons |rows |cuts |sepa|confs|strbr|  dualbound   | primalbound  |  gap   | compl. 
  6.3s| 10800 |   484 | 14908 |   1.2 |  5954k |  51 |  80 | 318 |  24 |1654 |  1 | 866 | 476 | 2.000000e+02 | 1.999830e+02 |   0.01%|  35.70%
  6.3s| 10900 |   484 | 14995 |   1.2 |  5954k |  51 |  80 | 318 |   0 |1669 |  0 | 872 | 481 | 2.000000e+02 | 1.999830e+02 |   0.01%|  35.70%
  6.3s| 11000 |   486 | 15064 |   1.2 |  5954k |  51 |  80 | 318 |  22 |1681 |  1 | 872 | 481 | 2.000000e+02 | 1.999830e+02 |   0.01%|  35.70%
  6.3s| 11100 |   492 | 15194 |   1.2 |  5954k |  51 |  80 | 318 |   0 |1694 |  0 | 880 | 481 | 2.000000e+02 | 1.999830e+02 |   0.01%|  35.71%
  6.4s| 11200 |   495 | 15280 |   1.2 |  5954k |  51 |  80 | 316 |  18 |1697 |  1 | 881 | 481 | 2.000000e+02 | 1.999830e+02 |   0.01%|  35.72%
  6.4s| 11300 |   496 | 15373 |   1.2 |  5954k |  51 |  80 | 316 |   0 |1712 |  0 | 882 | 481 | 2.000000e+02 | 1.999830e+02 |   0.01%|  35.72%
  6.4s| 11400 |   504 | 15478 |   1.2 |  5954k |  51 |  80 | 316 |   0 |1717 |  0 | 884 | 487 | 2.000000e+02 | 1.999830e+02 |   0.01%|  35.73%
  6.5s| 11500 |   513 | 15566 |   1.2 |  5954k |  51 |  80 | 317 |  20 |1718 |  1 | 886 | 487 | 2.000000e+02 | 1.999830e+02 |   0.01%|  35.73%
  6.5s| 11600 |   513 | 15643 |   1.2 |  5954k |  51 |  80 | 318 |   0 |1718 |  0 | 889 | 487 | 2.000000e+02 | 1.999830e+02 |   0.01%|  35.73%
  6.5s| 11700 |   506 | 15712 |   1.2 |  5954k |  51 |  80 | 317 |   0 |1718 |  0 | 894 | 487 | 2.000000e+02 | 1.999830e+02 |   0.01%|  35.73%
  6.5s| 11800 |   500 | 15781 |   1.2 |  5954k |  51 |  80 | 317 |  20 |1718 |  1 | 898 | 487 | 2.000000e+02 | 1.999830e+02 |   0.01%|  35.73%
  6.5s| 11900 |   494 | 15843 |   1.2 |  5954k |  51 |  80 | 317 |  19 |1719 |  1 | 900 | 487 | 2.000000e+02 | 1.999830e+02 |   0.01%|  35.73%
  6.6s| 12000 |   500 | 15929 |   1.2 |  5954k |  51 |  80 | 317 |  19 |1722 |  1 | 900 | 489 | 2.000000e+02 | 1.999830e+02 |   0.01%|  35.73%
  6.6s| 12100 |   508 | 15998 |   1.2 |  5954k |  51 |  80 | 314 |   0 |1722 |  0 | 903 | 489 | 2.000000e+02 | 1.999830e+02 |   0.01%|  35.73%
  6.6s| 12200 |   512 | 16094 |   1.2 |  5957k |  51 |  80 | 316 |   0 |1724 |  0 | 908 | 493 | 2.000000e+02 | 1.999830e+02 |   0.01%|  35.73%
 time | node  | left  |LP iter|LP it/n|mem/heur|mdpt |vars |cons |rows |cuts |sepa|confs|strbr|  dualbound   | primalbound  |  gap   | compl. 
  6.6s| 12300 |   513 | 16171 |   1.2 |  5957k |  51 |  80 | 317 |  20 |1734 |  1 | 913 | 495 | 2.000000e+02 | 1.999830e+02 |   0.01%|  35.73%
  6.7s| 12400 |   525 | 16269 |   1.2 |  5957k |  51 |  80 | 315 |  20 |1734 |  1 | 914 | 495 | 2.000000e+02 | 1.999830e+02 |   0.01%|  35.73%
  6.7s| 12500 |   525 | 16343 |   1.2 |  5957k |  51 |  80 | 315 |   0 |1734 |  0 | 916 | 495 | 2.000000e+02 | 1.999830e+02 |   0.01%|  35.73%
  6.7s| 12600 |   521 | 16465 |   1.2 |  5957k |  51 |  80 | 314 |  23 |1747 |  1 | 924 | 510 | 2.000000e+02 | 1.999830e+02 |   0.01%|  35.73%
  6.8s| 12700 |   524 | 16595 |   1.2 |  5987k |  51 |  80 | 316 |  26 |1771 |  2 | 928 | 517 | 2.000000e+02 | 1.999830e+02 |   0.01%|  35.73%
  6.8s| 12800 |   524 | 16674 |   1.2 |  6052k |  51 |  80 | 316 |  24 |1777 |  1 | 933 | 517 | 2.000000e+02 | 1.999830e+02 |   0.01%|  35.73%
  6.8s| 12900 |   532 | 16779 |   1.2 |  6052k |  51 |  80 | 318 |   0 |1786 |  0 | 940 | 517 | 2.000000e+02 | 1.999830e+02 |   0.01%|  35.73%
  6.8s| 13000 |   542 | 16893 |   1.2 |  6056k |  51 |  80 | 318 |   0 |1788 |  0 | 946 | 517 | 2.000000e+02 | 1.999830e+02 |   0.01%|  35.73%
  6.9s| 13100 |   551 | 17030 |   1.2 |  6065k |  51 |  80 | 318 |  23 |1800 |  1 | 950 | 517 | 2.000000e+02 | 1.999830e+02 |   0.01%|  35.73%
  6.9s| 13200 |   551 | 17173 |   1.2 |  6065k |  51 |  80 | 317 |  25 |1818 |  2 | 950 | 519 | 2.000000e+02 | 1.999830e+02 |   0.01%|  35.73%
  6.9s| 13300 |   559 | 17297 |   1.2 |  6065k |  51 |  80 | 316 |  27 |1833 |  1 | 951 | 524 | 2.000000e+02 | 1.999830e+02 |   0.01%|  35.73%
  6.9s| 13400 |   563 | 17426 |   1.2 |  6065k |  51 |  80 | 316 |   0 |1845 |  0 | 955 | 524 | 2.000000e+02 | 1.999830e+02 |   0.01%|  35.73%
  7.0s| 13500 |   566 | 17577 |   1.2 |  6065k |  51 |  80 | 316 |  27 |1861 |  1 | 959 | 524 | 2.000000e+02 | 1.999830e+02 |   0.01%|  35.73%
  7.0s| 13600 |   567 | 17691 |   1.2 |  6065k |  51 |  80 | 314 |   0 |1873 |  0 | 962 | 525 | 2.000000e+02 | 1.999830e+02 |   0.01%|  35.73%
  7.0s| 13700 |   576 | 17819 |   1.2 |  6065k |  51 |  80 | 319 |   0 |1882 |  0 | 969 | 528 | 2.000000e+02 | 1.999830e+02 |   0.01%|  35.73%
 time | node  | left  |LP iter|LP it/n|mem/heur|mdpt |vars |cons |rows |cuts |sepa|confs|strbr|  dualbound   | primalbound  |  gap   | compl. 
  7.1s| 13800 |   575 | 17908 |   1.2 |  6065k |  51 |  80 | 319 |   0 |1889 |  0 | 971 | 528 | 2.000000e+02 | 1.999830e+02 |   0.01%|  35.73%
  7.1s| 13900 |   577 | 18030 |   1.2 |  6065k |  51 |  80 | 318 |   0 |1909 |  0 | 973 | 528 | 2.000000e+02 | 1.999830e+02 |   0.01%|  35.73%
  7.1s| 14000 |   577 | 18125 |   1.2 |  6065k |  51 |  80 | 317 |   0 |1918 |  0 | 974 | 528 | 2.000000e+02 | 1.999830e+02 |   0.01%|  35.73%
  7.2s| 14100 |   585 | 18214 |   1.2 |  6065k |  51 |  80 | 318 |  28 |1921 |  1 | 975 | 528 | 2.000000e+02 | 1.999830e+02 |   0.01%|  35.73%
  7.2s| 14200 |   586 | 18284 |   1.2 |  6065k |  51 |  80 | 318 |  25 |1924 |  1 | 978 | 528 | 2.000000e+02 | 1.999830e+02 |   0.01%|  35.73%
  7.2s| 14300 |   585 | 18411 |   1.2 |  6324k |  51 |  80 | 318 |  30 |1948 |  1 | 985 | 530 | 2.000000e+02 | 1.999830e+02 |   0.01%|  35.73%
  7.3s| 14400 |   583 | 18541 |   1.2 |  6324k |  51 |  80 | 317 |   0 |1974 |  0 | 990 | 541 | 2.000000e+02 | 1.999830e+02 |   0.01%|  35.73%
  7.3s| 14500 |   588 | 18687 |   1.2 |  6324k |  51 |  80 | 316 |   0 |1991 |  0 | 994 | 547 | 2.000000e+02 | 1.999830e+02 |   0.01%|  35.73%
  7.3s| 14600 |   582 | 18833 |   1.2 |  6324k |  51 |  80 | 315 |  23 |2031 |  1 | 995 | 551 | 2.000000e+02 | 1.999830e+02 |   0.01%|  35.73%
  7.4s| 14700 |   582 | 18909 |   1.2 |  6324k |  51 |  80 | 315 |   0 |2051 |  0 | 998 | 551 | 2.000000e+02 | 1.999830e+02 |   0.01%|  35.73%
  7.4s| 14800 |   583 | 18997 |   1.2 |  6326k |  51 |  80 | 314 |  24 |2054 |  1 |1000 | 552 | 2.000000e+02 | 1.999830e+02 |   0.01%|  35.73%
  7.4s| 14900 |   584 | 19099 |   1.2 |  6326k |  51 |  80 | 314 |  23 |2072 |  1 |1003 | 553 | 2.000000e+02 | 1.999830e+02 |   0.01%|  35.73%
  7.5s| 15000 |   586 | 19285 |   1.2 |  6326k |  51 |  80 | 316 |   0 |2134 |  0 |1008 | 563 | 2.000000e+02 | 1.999830e+02 |   0.01%|  35.73%
  7.5s| 15100 |   590 | 19442 |   1.2 |  6326k |  51 |  80 | 314 |  26 |2168 |  1 |1012 | 568 | 2.000000e+02 | 1.999830e+02 |   0.01%|  35.73%
  7.5s| 15200 |   594 | 19535 |   1.2 |  6326k |  51 |  80 | 314 |  25 |2170 |  1 |1012 | 569 | 2.000000e+02 | 1.999830e+02 |   0.01%|  35.73%
 time | node  | left  |LP iter|LP it/n|mem/heur|mdpt |vars |cons |rows |cuts |sepa|confs|strbr|  dualbound   | primalbound  |  gap   | compl. 
  7.6s| 15300 |   594 | 19688 |   1.2 |  6326k |  51 |  80 | 312 |  22 |2215 |  1 |1014 | 570 | 2.000000e+02 | 1.999830e+02 |   0.01%|  35.73%
  7.6s| 15400 |   604 | 19785 |   1.2 |  6326k |  51 |  80 | 310 |   0 |2219 |  0 |1015 | 570 | 2.000000e+02 | 1.999830e+02 |   0.01%|  35.73%
  7.6s| 15500 |   606 | 19888 |   1.2 |  6326k |  51 |  80 | 310 |   0 |2222 |  0 |1017 | 570 | 2.000000e+02 | 1.999830e+02 |   0.01%|  35.73%
  7.7s| 15600 |   599 | 19962 |   1.2 |  6326k |  51 |  80 | 310 |  25 |2226 |  1 |1021 | 570 | 2.000000e+02 | 1.999830e+02 |   0.01%|  35.73%
  7.7s| 15700 |   603 | 20079 |   1.2 |  6326k |  51 |  80 | 308 |   0 |2250 |  0 |1027 | 572 | 2.000000e+02 | 1.999830e+02 |   0.01%|  35.73%
  7.7s| 15800 |   605 | 20223 |   1.2 |  6341k |  51 |  80 | 306 |  25 |2287 |  1 |1031 | 573 | 2.000000e+02 | 1.999830e+02 |   0.01%|  35.73%
  7.8s| 15900 |   604 | 20337 |   1.2 |  6355k |  51 |  80 | 307 |  25 |2299 |  1 |1035 | 578 | 2.000000e+02 | 1.999830e+02 |   0.01%|  35.74%
  7.8s| 16000 |   603 | 20442 |   1.2 |  6363k |  51 |  80 | 308 |  21 |2309 |  1 |1042 | 582 | 2.000000e+02 | 1.999830e+02 |   0.01%|  35.74%
  7.8s| 16100 |   598 | 20561 |   1.2 |  6363k |  51 |  80 | 308 |  25 |2326 |  1 |1048 | 582 | 2.000000e+02 | 1.999830e+02 |   0.01%|  35.74%
  7.8s| 16200 |   603 | 20690 |   1.2 |  6363k |  51 |  80 | 307 |  26 |2349 |  1 |1053 | 587 | 2.000000e+02 | 1.999830e+02 |   0.01%|  35.74%
  7.9s| 16300 |   599 | 20840 |   1.2 |  6479k |  51 |  80 | 307 |   0 |2381 |  0 |1056 | 587 | 2.000000e+02 | 1.999830e+02 |   0.01%|  35.74%
  7.9s| 16400 |   596 | 20904 |   1.2 |  6479k |  51 |  80 | 307 |   0 |2382 |  0 |1058 | 587 | 2.000000e+02 | 1.999830e+02 |   0.01%|  35.74%
  7.9s| 16500 |   596 | 21027 |   1.2 |  6485k |  51 |  80 | 306 |  24 |2413 |  1 |1061 | 587 | 2.000000e+02 | 1.999830e+02 |   0.01%|  35.74%
  8.0s| 16600 |   590 | 21115 |   1.2 |  6580k |  51 |  80 | 305 |   0 |2424 |  0 |1062 | 589 | 2.000000e+02 | 1.999830e+02 |   0.01%|  35.74%
  8.0s| 16700 |   582 | 21246 |   1.2 |  6591k |  51 |  80 | 303 |  22 |2450 |  1 |1069 | 590 | 2.000000e+02 | 1.999830e+02 |   0.01%|  35.74%
 time | node  | left  |LP iter|LP it/n|mem/heur|mdpt |vars |cons |rows |cuts |sepa|confs|strbr|  dualbound   | primalbound  |  gap   | compl. 
  8.0s| 16800 |   571 | 21336 |   1.2 |  6591k |  51 |  80 | 300 |  28 |2467 |  2 |1071 | 590 | 2.000000e+02 | 1.999830e+02 |   0.01%|  35.74%
  8.1s| 16900 |   572 | 21463 |   1.2 |  6593k |  51 |  80 | 304 |   0 |2494 |  0 |1076 | 592 | 2.000000e+02 | 1.999830e+02 |   0.01%|  35.74%
  8.1s| 17000 |   576 | 21577 |   1.2 |  6593k |  52 |  80 | 305 |  26 |2512 |  1 |1078 | 596 | 2.000000e+02 | 1.999830e+02 |   0.01%|  35.74%
  8.1s| 17100 |   585 | 21699 |   1.2 |  6593k |  52 |  80 | 303 |  26 |2521 |  1 |1082 | 600 | 2.000000e+02 | 1.999830e+02 |   0.01%|  35.74%
  8.2s| 17200 |   584 | 21803 |   1.2 |  6602k |  52 |  80 | 306 |  18 |2549 |  1 |1087 | 601 | 2.000000e+02 | 1.999830e+02 |   0.01%|  35.74%
  8.2s| 17300 |   581 | 21893 |   1.2 |  6602k |  52 |  80 | 306 |   0 |2567 |  0 |1090 | 601 | 2.000000e+02 | 1.999830e+02 |   0.01%|  35.74%
  8.2s| 17400 |   591 | 21977 |   1.2 |  6602k |  52 |  80 | 306 |  18 |2569 |  1 |1091 | 601 | 2.000000e+02 | 1.999830e+02 |   0.01%|  35.74%
  8.3s| 17500 |   590 | 22061 |   1.2 |  6602k |  52 |  80 | 306 |  19 |2574 |  1 |1094 | 601 | 2.000000e+02 | 1.999830e+02 |   0.01%|  35.74%
  8.3s| 17600 |   586 | 22140 |   1.2 |  6602k |  52 |  80 | 305 |  19 |2584 |  1 |1096 | 601 | 2.000000e+02 | 1.999830e+02 |   0.01%|  35.74%
  8.3s| 17700 |   590 | 22264 |   1.2 |  6602k |  52 |  80 | 302 |   0 |2604 |  0 |1098 | 601 | 2.000000e+02 | 1.999830e+02 |   0.01%|  35.74%
  8.4s| 17800 |   596 | 22386 |   1.2 |  6602k |  52 |  80 | 301 |  30 |2608 |  1 |1099 | 601 | 2.000000e+02 | 1.999830e+02 |   0.01%|  35.74%
  8.4s| 17900 |   600 | 22490 |   1.2 |  6602k |  52 |  80 | 302 |  19 |2609 |  1 |1100 | 601 | 2.000000e+02 | 1.999830e+02 |   0.01%|  35.74%
  8.4s| 18000 |   582 | 22566 |   1.1 |  6602k |  52 |  80 | 300 |   0 |2612 |  0 |1105 | 601 | 2.000000e+02 | 1.999830e+02 |   0.01%|  35.74%
  8.4s| 18100 |   586 | 22647 |   1.1 |  6602k |  52 |  80 | 299 |   0 |2614 |  0 |1107 | 603 | 2.000000e+02 | 1.999830e+02 |   0.01%|  35.74%
  8.5s| 18200 |   584 | 22774 |   1.1 |  6602k |  52 |  80 | 298 |  21 |2632 |  2 |1114 | 613 | 2.000000e+02 | 1.999830e+02 |   0.01%|  35.74%
 time | node  | left  |LP iter|LP it/n|mem/heur|mdpt |vars |cons |rows |cuts |sepa|confs|strbr|  dualbound   | primalbound  |  gap   | compl. 
  8.5s| 18300 |   575 | 22868 |   1.1 |  6604k |  52 |  80 | 299 |  24 |2642 |  1 |1119 | 617 | 2.000000e+02 | 1.999830e+02 |   0.01%|  35.74%
  8.5s| 18400 |   566 | 22959 |   1.1 |  6604k |  52 |  80 | 299 |  18 |2648 |  1 |1121 | 622 | 2.000000e+02 | 1.999830e+02 |   0.01%|  35.74%
  8.6s| 18500 |   560 | 23134 |   1.1 |  6607k |  52 |  80 | 298 |   0 |2701 |  0 |1125 | 622 | 2.000000e+02 | 1.999830e+02 |   0.01%|  35.74%
  8.6s| 18600 |   556 | 23238 |   1.1 |  6607k |  52 |  80 | 301 |  24 |2711 |  1 |1131 | 623 | 2.000000e+02 | 1.999830e+02 |   0.01%|  35.74%
  8.7s| 18700 |   560 | 23425 |   1.2 |  6610k |  52 |  80 | 302 |  25 |2775 |  1 |1132 | 629 | 2.000000e+02 | 1.999830e+02 |   0.01%|  35.74%
  8.7s| 18800 |   572 | 23626 |   1.2 |  6635k |  52 |  80 | 300 |   0 |2818 |  0 |1132 | 630 | 2.000000e+02 | 1.999830e+02 |   0.01%|  35.74%
  8.8s| 18900 |   560 | 23805 |   1.2 |  6635k |  52 |  80 | 302 |   0 |2855 |  0 |1140 | 649 | 2.000000e+02 | 1.999830e+02 |   0.01%|  35.74%
  8.8s| 19000 |   563 | 23947 |   1.2 |  6636k |  54 |  80 | 301 |   0 |2869 |  0 |1142 | 660 | 2.000000e+02 | 1.999830e+02 |   0.01%|  35.74%
  8.8s| 19100 |   560 | 24054 |   1.2 |  6636k |  54 |  80 | 302 |  37 |2884 |  1 |1144 | 665 | 2.000000e+02 | 1.999830e+02 |   0.01%|  35.74%
  8.9s| 19200 |   555 | 24155 |   1.2 |  6636k |  54 |  80 | 301 |   0 |2907 |  0 |1148 | 666 | 2.000000e+02 | 1.999830e+02 |   0.01%|  35.74%
  8.9s| 19300 |   556 | 24299 |   1.2 |  6640k |  54 |  80 | 305 |   0 |2943 |  0 |1154 | 666 | 2.000000e+02 | 1.999830e+02 |   0.01%|  35.74%
  8.9s| 19400 |   554 | 24366 |   1.2 |  6640k |  54 |  80 | 305 |  20 |2943 |  1 |1154 | 668 | 2.000000e+02 | 1.999830e+02 |   0.01%|  35.74%
  9.0s| 19500 |   554 | 24435 |   1.2 |  6642k |  54 |  80 | 304 |   0 |2945 |  0 |1157 | 668 | 2.000000e+02 | 1.999830e+02 |   0.01%|  35.74%
  9.0s| 19600 |   542 | 24507 |   1.2 |  6642k |  55 |  80 | 305 |  26 |2949 |  1 |1159 | 675 | 2.000000e+02 | 1.999830e+02 |   0.01%|  35.74%
  9.0s| 19700 |   542 | 24627 |   1.2 |  6642k |  56 |  80 | 304 |   0 |2972 |  0 |1162 | 675 | 2.000000e+02 | 1.999830e+02 |   0.01%|  35.74%
 time | node  | left  |LP iter|LP it/n|mem/heur|mdpt |vars |cons |rows |cuts |sepa|confs|strbr|  dualbound   | primalbound  |  gap   | compl. 
  9.1s| 19800 |   540 | 24766 |   1.2 |  6642k |  56 |  80 | 306 |   0 |3004 |  0 |1165 | 677 | 2.000000e+02 | 1.999830e+02 |   0.01%|  35.74%
  9.1s| 19900 |   528 | 24852 |   1.2 |  6642k |  56 |  80 | 300 |  23 |3006 |  1 |1170 | 677 | 2.000000e+02 | 1.999830e+02 |   0.01%|  35.74%
  9.1s| 20000 |   525 | 24967 |   1.2 |  6642k |  56 |  80 | 301 |  32 |3020 |  1 |1176 | 677 | 2.000000e+02 | 1.999830e+02 |   0.01%|  35.74%
  9.2s| 20100 |   520 | 25069 |   1.2 |  6642k |  56 |  80 | 302 |   0 |3026 |  0 |1178 | 681 | 2.000000e+02 | 1.999830e+02 |   0.01%|  35.74%
  9.2s| 20200 |   520 | 25149 |   1.2 |  6644k |  56 |  80 | 302 |  29 |3032 |  1 |1179 | 687 | 2.000000e+02 | 1.999830e+02 |   0.01%|  35.74%
  9.2s| 20300 |   522 | 25264 |   1.2 |  6644k |  56 |  80 | 302 |   0 |3052 |  0 |1180 | 695 | 2.000000e+02 | 1.999830e+02 |   0.01%|  35.74%
  9.2s| 20400 |   519 | 25357 |   1.2 |  6644k |  56 |  80 | 302 |   0 |3052 |  0 |1182 | 700 | 2.000000e+02 | 1.999830e+02 |   0.01%|  35.74%
  9.3s| 20500 |   519 | 25459 |   1.1 |  6644k |  56 |  80 | 302 |   0 |3058 |  0 |1182 | 705 | 2.000000e+02 | 1.999830e+02 |   0.01%|  35.74%
  9.3s| 20600 |   513 | 25555 |   1.1 |  6644k |  56 |  80 | 302 |  28 |3066 |  1 |1182 | 706 | 2.000000e+02 | 1.999830e+02 |   0.01%|  35.74%
  9.3s| 20700 |   504 | 25630 |   1.1 |  6791k |  56 |  80 | 304 |  24 |3067 |  1 |1192 | 709 | 2.000000e+02 | 1.999830e+02 |   0.01%|  35.74%
  9.4s| 20800 |   507 | 25810 |   1.2 |  6791k |  56 |  80 | 309 |  26 |3097 |  1 |1204 | 711 | 2.000000e+02 | 1.999830e+02 |   0.01%|  35.75%
  9.4s| 20900 |   511 | 25921 |   1.2 |  6808k |  56 |  80 | 307 |  22 |3099 |  1 |1208 | 718 | 2.000000e+02 | 1.999830e+02 |   0.01%|  35.75%
* 9.4s| 20985 |   491 | 26024 |   1.2 |    LP  |  56 |  80 | 307 |  22 |3106 |  1 |1213 | 732 | 2.000000e+02 | 1.999873e+02 |   0.01%|  35.75%
  9.4s| 21000 |   491 | 26035 |   1.1 |  6812k |  56 |  80 | 307 |   0 |3106 |  0 |1216 | 732 | 2.000000e+02 | 1.999873e+02 |   0.01%|  35.93%
* 9.4s| 21002 |   149 | 26037 |   1.1 |    LP  |  56 |  80 | 307 |  21 |3106 |  1 |1216 | 732 | 2.000000e+02 | 1.999963e+02 |   0.00%|  36.08%
 time | node  | left  |LP iter|LP it/n|mem/heur|mdpt |vars |cons |rows |cuts |sepa|confs|strbr|  dualbound   | primalbound  |  gap   | compl. 
  9.4s| 21100 |   141 | 26119 |   1.1 |  6816k |  56 |  80 | 308 |   0 |3108 |  0 |1224 | 737 | 2.000000e+02 | 1.999963e+02 |   0.00%|  39.19%
  9.5s| 21200 |   135 | 26210 |   1.1 |  6816k |  56 |  80 | 309 |  29 |3113 |  1 |1234 | 744 | 2.000000e+02 | 1.999963e+02 |   0.00%|  42.04%
  9.5s| 21300 |   122 | 26296 |   1.1 |  6816k |  56 |  80 | 306 |  21 |3113 |  1 |1240 | 749 | 2.000000e+02 | 1.999963e+02 |   0.00%|  46.65%
  9.5s| 21400 |   118 | 26412 |   1.1 |  6816k |  56 |  80 | 304 |   0 |3123 |  0 |1242 | 749 | 2.000000e+02 | 1.999963e+02 |   0.00%|  49.77%
  9.6s| 21500 |   110 | 26508 |   1.1 |  6816k |  56 |  80 | 302 |   0 |3124 |  0 |1242 | 749 | 2.000000e+02 | 1.999963e+02 |   0.00%|  52.07%
  9.6s| 21600 |   109 | 26606 |   1.1 |  6831k |  56 |  80 | 302 |   0 |3145 |  0 |1260 | 753 | 2.000000e+02 | 1.999963e+02 |   0.00%|  53.42%
  9.7s| 21700 |   105 | 26726 |   1.1 |  6831k |  56 |  80 | 302 |   0 |3171 |  0 |1273 | 756 | 2.000000e+02 | 1.999963e+02 |   0.00%|  56.27%
  9.7s| 21800 |   105 | 26808 |   1.1 |  6831k |  56 |  80 | 299 |   0 |3185 |  0 |1273 | 756 | 2.000000e+02 | 1.999963e+02 |   0.00%|  56.81%
  9.7s| 21900 |   103 | 26891 |   1.1 |  6831k |  56 |  80 | 298 |   0 |3200 |  0 |1273 | 756 | 2.000000e+02 | 1.999963e+02 |   0.00%|  57.90%
  9.8s| 22000 |   101 | 26951 |   1.1 |  6831k |  56 |  80 | 299 |  19 |3201 |  1 |1274 | 756 | 2.000000e+02 | 1.999963e+02 |   0.00%|  58.44%
  9.8s| 22100 |   103 | 27017 |   1.1 |  6831k |  56 |  80 | 299 |  19 |3201 |  1 |1274 | 756 | 2.000000e+02 | 1.999963e+02 |   0.00%|  58.44%
  9.8s| 22200 |    97 | 27073 |   1.1 |  6831k |  56 |  80 | 298 |   0 |3202 |  0 |1274 | 756 | 2.000000e+02 | 1.999963e+02 |   0.00%|  58.98%
  9.8s| 22300 |    99 | 27154 |   1.1 |  6831k |  56 |  80 | 300 |   0 |3203 |  0 |1277 | 757 | 2.000000e+02 | 1.999963e+02 |   0.00%|  60.08%
  9.8s| 22400 |    95 | 27219 |   1.1 |  6831k |  56 |  80 | 300 |  19 |3204 |  1 |1277 | 757 | 2.000000e+02 | 1.999963e+02 |   0.00%|  60.63%
  9.9s| 22500 |    95 | 27284 |   1.1 |  6831k |  56 |  80 | 300 |  19 |3204 |  1 |1277 | 757 | 2.000000e+02 | 1.999963e+02 |   0.00%|  60.63%
 time | node  | left  |LP iter|LP it/n|mem/heur|mdpt |vars |cons |rows |cuts |sepa|confs|strbr|  dualbound   | primalbound  |  gap   | compl. 
  9.9s| 22600 |    93 | 27363 |   1.1 |  6831k |  56 |  80 | 300 |   0 |3208 |  0 |1277 | 757 | 2.000000e+02 | 1.999963e+02 |   0.00%|  60.63%
  9.9s| 22700 |    90 | 27453 |   1.1 |  7033k |  56 |  80 | 300 |  27 |3214 |  0 |1278 | 757 | 2.000000e+02 | 1.999963e+02 |   0.00%|  62.25%
  9.9s| 22800 |    89 | 27555 |   1.1 |  7034k |  56 |  80 | 302 |   0 |3221 |  0 |1284 | 757 | 2.000000e+02 | 1.999963e+02 |   0.00%|  63.34%
 10.0s| 22900 |    91 | 27632 |   1.1 |  7034k |  56 |  80 | 298 |  17 |3225 |  1 |1284 | 757 | 2.000000e+02 | 1.999963e+02 |   0.00%|  64.45%
 10.0s| 23000 |    92 | 27737 |   1.1 |  7034k |  56 |  80 | 300 |   0 |3229 |  0 |1288 | 757 | 2.000000e+02 | 1.999963e+02 |   0.00%|  64.45%
 10.0s| 23100 |   106 | 27885 |   1.1 |  7034k |  56 |  80 | 306 |   0 |3262 |  0 |1295 | 757 | 2.000000e+02 | 1.999963e+02 |   0.00%|  64.45%
 10.1s| 23200 |   106 | 28029 |   1.1 |  7034k |  56 |  80 | 305 |   0 |3299 |  0 |1296 | 757 | 2.000000e+02 | 1.999963e+02 |   0.00%|  64.45%
 10.1s| 23300 |   113 | 28227 |   1.1 |  7034k |  56 |  80 | 303 |  27 |3359 |  2 |1298 | 757 | 2.000000e+02 | 1.999963e+02 |   0.00%|  64.45%
 10.1s| 23400 |   120 | 28414 |   1.1 |  7034k |  56 |  80 | 302 |  30 |3407 |  1 |1302 | 757 | 2.000000e+02 | 1.999963e+02 |   0.00%|  64.45%
 10.2s| 23500 |   105 | 28534 |   1.1 |  7034k |  56 |  80 | 303 |  28 |3420 |  1 |1309 | 757 | 2.000000e+02 | 1.999963e+02 |   0.00%|  64.45%
 10.2s| 23600 |    89 | 28649 |   1.1 |  7034k |  56 |  80 | 304 |   0 |3423 |  0 |1312 | 757 | 2.000000e+02 | 1.999963e+02 |   0.00%|  65.00%
 10.2s| 23700 |    82 | 28771 |   1.1 |  7034k |  56 |  80 | 306 |  17 |3439 |  1 |1316 | 757 | 2.000000e+02 | 1.999963e+02 |   0.00%|  66.63%
 10.2s| 23800 |    56 | 28888 |   1.1 |  7034k |  56 |  80 | 308 |   0 |3475 |  0 |1324 | 762 | 2.000000e+02 | 1.999963e+02 |   0.00%|  75.52%
 10.3s| 23900 |    58 | 28983 |   1.1 |  7034k |  56 |  80 | 307 |  21 |3490 |  1 |1325 | 762 | 2.000000e+02 | 1.999963e+02 |   0.00%|  75.93%
 10.3s| 24000 |    60 | 29101 |   1.1 |  7034k |  56 |  80 | 306 |   0 |3503 |  0 |1327 | 762 | 2.000000e+02 | 1.999963e+02 |   0.00%|  78.24%
 time | node  | left  |LP iter|LP it/n|mem/heur|mdpt |vars |cons |rows |cuts |sepa|confs|strbr|  dualbound   | primalbound  |  gap   | compl. 
 10.3s| 24100 |    58 | 29235 |   1.1 |  7066k |  56 |  80 | 305 |   0 |3513 |  0 |1327 | 762 | 2.000000e+02 | 1.999963e+02 |   0.00%|  78.78%
 10.4s| 24200 |    45 | 29334 |   1.1 |  7066k |  56 |  80 | 305 |  28 |3523 |  1 |1328 | 762 | 2.000000e+02 | 1.999963e+02 |   0.00%|  82.30%
 10.4s| 24300 |    34 | 29508 |   1.1 |  7066k |  56 |  80 | 305 |   0 |3567 |  0 |1333 | 762 | 2.000000e+02 | 1.999963e+02 |   0.00%|  85.43%
 12.0s| 24400 |    11 | 29601 |   1.1 |  7066k |  56 |  80 | 308 |   0 |3586 |  0 |1339 | 762 | 1.999991e+02 | 1.999963e+02 |   0.00%|  95.26%

SCIP Status        : problem is solved [optimal solution found]
Solving Time (sec) : 12.05
Solving Nodes      : 24457 (total of 25920 nodes in 2 runs)
Primal Bound       : +1.99996345492382e+02 (320 solutions)
Dual Bound         : +1.99996345492382e+02
Gap                : 0.00 %

optimal solution found


