[    0.000000] Linux version 4.15.0-126-generic (buildd@lcy01-amd64-024) (gcc version 7.5.0 (Ubuntu 7.5.0-3ubuntu1~18.04)) #129-Ubuntu SMP Mon Nov 23 18:53:38 UTC 2020 (Ubuntu 4.15.0-126.129-generic 4.15.18)
[    0.000000] Command line: BOOT_IMAGE=/boot/vmlinuz-4.15.0-126-generic root=UUID=e01e0f19-d458-4161-8fcc-cddc319ae429 ro console=tty1 console=ttyS0
[    0.000000] KERNEL supported cpus:
[    0.000000]   Intel GenuineIntel
[    0.000000]   AMD AuthenticAMD
[    0.000000]   Centaur CentaurHauls
[    0.000000] x86/fpu: x87 FPU will use FXSAVE
[    0.000000] e820: BIOS-provided physical RAM map:
[    0.000000] BIOS-e820: [mem 0x0000000000000000-0x000000000009fbff] usable
[    0.000000] BIOS-e820: [mem 0x000000000009fc00-0x000000000009ffff] reserved
[    0.000000] BIOS-e820: [mem 0x00000000000f0000-0x00000000000fffff] reserved
[    0.000000] BIOS-e820: [mem 0x0000000000100000-0x00000000dffeffff] usable
[    0.000000] BIOS-e820: [mem 0x00000000dfff0000-0x00000000dfffffff] ACPI data
[    0.000000] BIOS-e820: [mem 0x00000000fec00000-0x00000000fec00fff] reserved
[    0.000000] BIOS-e820: [mem 0x00000000fee00000-0x00000000fee00fff] reserved
[    0.000000] BIOS-e820: [mem 0x00000000fffc0000-0x00000000ffffffff] reserved
[    0.000000] BIOS-e820: [mem 0x0000000100000000-0x00000001587fffff] usable
[    0.000000] NX (Execute Disable) protection: active
[    0.000000] SMBIOS 2.5 present.
[    0.000000] DMI: innotek GmbH VirtualBox/VirtualBox, BIOS VirtualBox 12/01/2006
[    0.000000] Hypervisor detected: KVM
[    0.000000] e820: last_pfn = 0x158800 max_arch_pfn = 0x400000000
[    0.000000] MTRR: Disabled
[    0.000000] x86/PAT: MTRRs disabled, skipping PAT initialization too.
[    0.000000] CPU MTRRs all blank - virtualized system.
[    0.000000] x86/PAT: Configuration [0-7]: WB  WT  UC- UC  WB  WT  UC- UC  
[    0.000000] e820: last_pfn = 0xdfff0 max_arch_pfn = 0x400000000
[    0.000000] found SMP MP-table at [mem 0x0009fff0-0x0009ffff]
[    0.000000] Scanning 1 areas for low memory corruption
[    0.000000] RAMDISK: [mem 0x35959000-0x36ca3fff]
[    0.000000] ACPI: Early table checksum verification disabled
[    0.000000] ACPI: RSDP 0x00000000000E0000 000024 (v02 VBOX  )
[    0.000000] ACPI: XSDT 0x00000000DFFF0030 00003C (v01 VBOX   VBOXXSDT 00000001 ASL  00000061)
[    0.000000] ACPI: FACP 0x00000000DFFF00F0 0000F4 (v04 VBOX   VBOXFACP 00000001 ASL  00000061)
[    0.000000] ACPI: DSDT 0x00000000DFFF0480 002325 (v02 VBOX   VBOXBIOS 00000002 INTL 20100528)
[    0.000000] ACPI: FACS 0x00000000DFFF0200 000040
[    0.000000] ACPI: FACS 0x00000000DFFF0200 000040
[    0.000000] ACPI: APIC 0x00000000DFFF0240 00006C (v02 VBOX   VBOXAPIC 00000001 ASL  00000061)
[    0.000000] ACPI: SSDT 0x00000000DFFF02B0 0001CC (v01 VBOX   VBOXCPUT 00000002 INTL 20100528)
[    0.000000] No NUMA configuration found
[    0.000000] Faking a node at [mem 0x0000000000000000-0x00000001587fffff]
[    0.000000] NODE_DATA(0) allocated [mem 0x1587d1000-0x1587fbfff]
[    0.000000] kvm-clock: cpu 0, msr 1:58750001, primary cpu clock
[    0.000000] kvm-clock: Using msrs 4b564d01 and 4b564d00
[    0.000000] kvm-clock: using sched offset of 9170929900 cycles
[    0.000000] clocksource: kvm-clock: mask: 0xffffffffffffffff max_cycles: 0x1cd42e4dffb, max_idle_ns: 881590591483 ns
[    0.000000] Zone ranges:
[    0.000000]   DMA      [mem 0x0000000000001000-0x0000000000ffffff]
[    0.000000]   DMA32    [mem 0x0000000001000000-0x00000000ffffffff]
[    0.000000]   Normal   [mem 0x0000000100000000-0x00000001587fffff]
[    0.000000]   Device   empty
[    0.000000] Movable zone start for each node
[    0.000000] Early memory node ranges
[    0.000000]   node   0: [mem 0x0000000000001000-0x000000000009efff]
[    0.000000]   node   0: [mem 0x0000000000100000-0x00000000dffeffff]
[    0.000000]   node   0: [mem 0x0000000100000000-0x00000001587fffff]
[    0.000000] Reserved but unavailable: 98 pages
[    0.000000] Initmem setup node 0 [mem 0x0000000000001000-0x00000001587fffff]
[    0.000000] ACPI: PM-Timer IO Port: 0x4008
[    0.000000] IOAPIC[0]: apic_id 4, version 32, address 0xfec00000, GSI 0-23
[    0.000000] ACPI: INT_SRC_OVR (bus 0 bus_irq 0 global_irq 2 dfl dfl)
[    0.000000] ACPI: INT_SRC_OVR (bus 0 bus_irq 9 global_irq 9 low level)
[    0.000000] Using ACPI (MADT) for SMP configuration information
[    0.000000] smpboot: Allowing 4 CPUs, 0 hotplug CPUs
[    0.000000] PM: Registered nosave memory: [mem 0x00000000-0x00000fff]
[    0.000000] PM: Registered nosave memory: [mem 0x0009f000-0x0009ffff]
[    0.000000] PM: Registered nosave memory: [mem 0x000a0000-0x000effff]
[    0.000000] PM: Registered nosave memory: [mem 0x000f0000-0x000fffff]
[    0.000000] PM: Registered nosave memory: [mem 0xdfff0000-0xdfffffff]
[    0.000000] PM: Registered nosave memory: [mem 0xe0000000-0xfebfffff]
[    0.000000] PM: Registered nosave memory: [mem 0xfec00000-0xfec00fff]
[    0.000000] PM: Registered nosave memory: [mem 0xfec01000-0xfedfffff]
[    0.000000] PM: Registered nosave memory: [mem 0xfee00000-0xfee00fff]
[    0.000000] PM: Registered nosave memory: [mem 0xfee01000-0xfffbffff]
[    0.000000] PM: Registered nosave memory: [mem 0xfffc0000-0xffffffff]
[    0.000000] e820: [mem 0xe0000000-0xfebfffff] available for PCI devices
[    0.000000] Booting paravirtualized kernel on KVM
[    0.000000] clocksource: refined-jiffies: mask: 0xffffffff max_cycles: 0xffffffff, max_idle_ns: 7645519600211568 ns
[    0.000000] random: get_random_bytes called from start_kernel+0x99/0x500 with crng_init=0
[    0.000000] setup_percpu: NR_CPUS:8192 nr_cpumask_bits:4 nr_cpu_ids:4 nr_node_ids:1
[    0.000000] percpu: Embedded 45 pages/cpu s147456 r8192 d28672 u524288
[    0.000000] PV qspinlock hash table entries: 256 (order: 0, 4096 bytes)
[    0.000000] Built 1 zonelists, mobility grouping on.  Total pages: 1259865
[    0.000000] Policy zone: Normal
[    0.000000] Kernel command line: BOOT_IMAGE=/boot/vmlinuz-4.15.0-126-generic root=UUID=e01e0f19-d458-4161-8fcc-cddc319ae429 ro console=tty1 console=ttyS0
[    0.000000] Memory: 4922040K/5119544K available (12300K kernel code, 2492K rwdata, 4264K rodata, 2440K init, 2724K bss, 197504K reserved, 0K cma-reserved)
[    0.000000] SLUB: HWalign=64, Order=0-3, MinObjects=0, CPUs=4, Nodes=1
[    0.000000] Kernel/User page tables isolation: enabled
[    0.000000] ftrace: allocating 39407 entries in 154 pages
[    0.004000] Hierarchical RCU implementation.
[    0.004000] 	RCU restricting CPUs from NR_CPUS=8192 to nr_cpu_ids=4.
[    0.004000] 	Tasks RCU enabled.
[    0.004000] RCU: Adjusting geometry for rcu_fanout_leaf=16, nr_cpu_ids=4
[    0.004000] NR_IRQS: 524544, nr_irqs: 456, preallocated irqs: 16
[    0.004000] Console: colour VGA+ 80x25
[    0.004000] console [tty1] enabled
[    0.004000] console [ttyS0] enabled
[    0.004000] ACPI: Core revision 20170831
[    0.004000] ACPI: 2 ACPI AML tables successfully acquired and loaded
[    0.004000] APIC: Switch to symmetric I/O mode setup
[    0.004000] ..TIMER: vector=0x30 apic1=0 pin1=2 apic2=-1 pin2=-1
[    0.004011] tsc: Detected 2400.000 MHz processor
[    0.008025] Calibrating delay loop (skipped) preset value.. 4800.00 BogoMIPS (lpj=9600000)
[    0.012015] pid_max: default: 32768 minimum: 301
[    0.016225] Security Framework initialized
[    0.020012] Yama: becoming mindful.
[    0.024486] AppArmor: AppArmor initialized
[    0.162446] Dentry cache hash table entries: 1048576 (order: 11, 8388608 bytes)
[    0.232723] Inode-cache hash table entries: 524288 (order: 10, 4194304 bytes)
[    0.237731] Mount-cache hash table entries: 16384 (order: 5, 131072 bytes)
[    0.241717] Mountpoint-cache hash table entries: 16384 (order: 5, 131072 bytes)
[    0.249958] Last level iTLB entries: 4KB 64, 2MB 8, 4MB 8
[    0.252013] Last level dTLB entries: 4KB 64, 2MB 0, 4MB 0, 1GB 4
[    0.256015] Spectre V1 : Mitigation: usercopy/swapgs barriers and __user pointer sanitization
[    0.260014] Spectre V2 : Mitigation: Full generic retpoline
[    0.264025] Spectre V2 : Spectre v2 / SpectreRSB mitigation: Filling RSB on context switch
[    0.268011] Speculative Store Bypass: Vulnerable
[    0.272149] MDS: Mitigation: Clear CPU buffers
[    0.276333] Freeing SMP alternatives memory: 36K
[    0.395724] smpboot: CPU0: Intel(R) Core(TM) i3-7100U CPU @ 2.40GHz (family: 0x6, model: 0x8e, stepping: 0x9)
[    0.400904] Performance Events: unsupported p6 CPU model 142 no PMU driver, software events only.
[    0.404235] Hierarchical SRCU implementation.
[    0.409633] NMI watchdog: Perf event create on CPU 0 failed with -2
[    0.412294] NMI watchdog: Perf NMI watchdog permanently disabled
[    0.417196] smp: Bringing up secondary CPUs ...
[    0.424275] x86: Booting SMP configuration:
[    0.428010] .... node  #0, CPUs:      #1
[    0.004000] kvm-clock: cpu 1, msr 1:58750041, secondary cpu clock
[    0.442210] TSC synchronization [CPU#0 -> CPU#1]:
[    0.444000] Measured 476818 cycles TSC warp between CPUs, turning off TSC clock.
[    0.444000] tsc: Marking TSC unstable due to check_tsc_sync_source failed
[    0.448607]  #2
[    0.004000] kvm-clock: cpu 2, msr 1:58750081, secondary cpu clock
[    0.464211]  #3
[    0.004000] kvm-clock: cpu 3, msr 1:587500c1, secondary cpu clock
[    0.480577] smp: Brought up 1 node, 4 CPUs
[    0.484020] smpboot: Max logical packages: 1
[    0.488011] smpboot: Total of 4 processors activated (19200.00 BogoMIPS)
[    0.497387] devtmpfs: initialized
[    0.500212] x86/mm: Memory block size: 128MB
[    0.511301] evm: security.selinux
[    0.512008] evm: security.SMACK64
[    0.516008] evm: security.SMACK64EXEC
[    0.520008] evm: security.SMACK64TRANSMUTE
[    0.524009] evm: security.SMACK64MMAP
[    0.528009] evm: security.apparmor
[    0.532009] evm: security.ima
[    0.536008] evm: security.capability
[    0.548014] clocksource: jiffies: mask: 0xffffffff max_cycles: 0xffffffff, max_idle_ns: 7645041785100000 ns
[    0.552027] futex hash table entries: 1024 (order: 4, 65536 bytes)
[    0.560532] pinctrl core: initialized pinctrl subsystem
[    0.568282] RTC time: 12:44:32, date: 03/11/21
[    0.581170] NET: Registered protocol family 16
[    0.584290] audit: initializing netlink subsys (disabled)
[    0.588436] audit: type=2000 audit(1615466687.093:1): state=initialized audit_enabled=0 res=1
[    0.608017] cpuidle: using governor ladder
[    0.612028] cpuidle: using governor menu
[    0.616092] ACPI: bus type PCI registered
[    0.620011] acpiphp: ACPI Hot Plug PCI Controller Driver version: 0.5
[    0.628156] PCI: Using configuration type 1 for base access
[    0.652565] HugeTLB registered 2.00 MiB page size, pre-allocated 0 pages
[    0.672821] ACPI: Added _OSI(Module Device)
[    0.676010] ACPI: Added _OSI(Processor Device)
[    0.680010] ACPI: Added _OSI(3.0 _SCP Extensions)
[    0.684040] ACPI: Added _OSI(Processor Aggregator Device)
[    0.688041] ACPI: Added _OSI(Linux-Dell-Video)
[    0.692013] ACPI: Added _OSI(Linux-Lenovo-NV-HDMI-Audio)
[    0.696011] ACPI: Added _OSI(Linux-HPI-Hybrid-Graphics)
[    0.701408] ACPI: Executed 1 blocks of module-level executable AML code
[    0.717649] ACPI: Interpreter enabled
[    0.720038] ACPI: (supports S0 S5)
[    0.724012] ACPI: Using IOAPIC for interrupt routing
[    0.728871] PCI: Using host bridge windows from ACPI; if necessary, use "pci=nocrs" and report a bug
[    0.736352] ACPI: Enabled 2 GPEs in block 00 to 07
[    0.758211] ACPI: PCI Root Bridge [PCI0] (domain 0000 [bus 00-ff])
[    0.760021] acpi PNP0A03:00: _OSC: OS supports [ASPM ClockPM Segments MSI]
[    0.765551] acpi PNP0A03:00: _OSC: not requesting OS control; OS requires [ExtendedConfig ASPM ClockPM MSI]
[    0.768036] acpi PNP0A03:00: fail to add MMCONFIG information, can't access extended PCI configuration space under this bridge.
[    0.776453] PCI host bridge to bus 0000:00
[    0.780013] pci_bus 0000:00: root bus resource [io  0x0000-0x0cf7 window]
[    0.784011] pci_bus 0000:00: root bus resource [io  0x0d00-0xffff window]
[    0.788013] pci_bus 0000:00: root bus resource [mem 0x000a0000-0x000bffff window]
[    0.792019] pci_bus 0000:00: root bus resource [mem 0xe0000000-0xfdffffff window]
[    0.796012] pci_bus 0000:00: root bus resource [bus 00-ff]
[    0.811357] pci 0000:00:01.1: legacy IDE quirk: reg 0x10: [io  0x01f0-0x01f7]
[    0.816020] pci 0000:00:01.1: legacy IDE quirk: reg 0x14: [io  0x03f6]
[    0.820014] pci 0000:00:01.1: legacy IDE quirk: reg 0x18: [io  0x0170-0x0177]
[    0.824020] pci 0000:00:01.1: legacy IDE quirk: reg 0x1c: [io  0x0376]
[    0.916260] pci 0000:00:07.0: quirk: [io  0x4000-0x403f] claimed by PIIX4 ACPI
[    0.920089] pci 0000:00:07.0: quirk: [io  0x4100-0x410f] claimed by PIIX4 SMB
[    0.964711] ACPI: PCI Interrupt Link [LNKA] (IRQs 5 9 10 *11)
[    0.972070] ACPI: PCI Interrupt Link [LNKB] (IRQs 5 9 *10 11)
[    0.980426] ACPI: PCI Interrupt Link [LNKC] (IRQs 5 *9 10 11)
[    0.988182] ACPI: PCI Interrupt Link [LNKD] (IRQs 5 9 10 *11)
[    1.001333] SCSI subsystem initialized
[    1.024817] pci 0000:00:02.0: vgaarb: setting as boot VGA device
[    1.028000] pci 0000:00:02.0: vgaarb: VGA device added: decodes=io+mem,owns=io+mem,locks=none
[    1.180025] pci 0000:00:02.0: vgaarb: bridge control possible
[    1.232011] vgaarb: loaded
[    1.256425] ACPI: bus type USB registered
[    1.300120] usbcore: registered new interface driver usbfs
[    1.356063] usbcore: registered new interface driver hub
[    1.416273] usbcore: registered new device driver usb
[    1.484011] EDAC MC: Ver: 3.0.0
[    1.536007] PCI: Using ACPI for IRQ routing
[    1.584176] NetLabel: Initializing
[    1.616013] NetLabel:  domain hash size = 128
[    1.632010] NetLabel:  protocols = UNLABELED CIPSOv4 CALIPSO
[    1.652064] NetLabel:  unlabeled traffic allowed by default
[    1.688000] clocksource: Switched to clocksource kvm-clock
[    1.834797] VFS: Disk quotas dquot_6.6.0
[    1.849650] VFS: Dquot-cache hash table entries: 512 (order 0, 4096 bytes)
[    1.852575] AppArmor: AppArmor Filesystem Enabled
[    1.852575] pnp: PnP ACPI init
[    1.852575] pnp: PnP ACPI: found 3 devices
[    1.909527] clocksource: acpi_pm: mask: 0xffffff max_cycles: 0xffffff, max_idle_ns: 2085701024 ns
[    1.912435] NET: Registered protocol family 2
[    1.942570] TCP established hash table entries: 65536 (order: 7, 524288 bytes)
[    1.969302] TCP bind hash table entries: 65536 (order: 8, 1048576 bytes)
[    1.969302] TCP: Hash tables configured (established 65536 bind 65536)
[    1.969302] UDP hash table entries: 4096 (order: 5, 131072 bytes)
[    1.969302] UDP-Lite hash table entries: 4096 (order: 5, 131072 bytes)
[    1.969302] NET: Registered protocol family 1
[    1.969302] pci 0000:00:00.0: Limiting direct PCI/PCI transfers
[    1.969302] pci 0000:00:01.0: Activating ISA DMA hang workarounds
[    1.969302] pci 0000:00:02.0: Video device with shadowed ROM at [mem 0x000c0000-0x000dffff]
[    1.969302] Unpacking initramfs...
[    3.566813] Freeing initrd memory: 19756K
[    3.566813] PCI-DMA: Using software bounce buffering for IO (SWIOTLB)
[    3.566813] software IO TLB: mapped [mem 0xdbff0000-0xdfff0000] (64MB)
[    3.673678] clocksource: tsc: mask: 0xffffffffffffffff max_cycles: 0x22983777dd9, max_idle_ns: 440795300422 ns
[    3.677169] platform rtc_cmos: registered platform RTC device (no PNP device found)
[    3.723719] Scanning for low memory corruption every 60 seconds
[    3.743618] Initialise system trusted keyrings
[    3.744624] Key type blacklist registered
[    3.767989] workingset: timestamp_bits=36 max_order=21 bucket_order=0
[    3.799681] zbud: loaded
[    3.815626] squashfs: version 4.0 (2009/01/31) Phillip Lougher
[    3.837369] fuse init (API version 7.26)
[    3.999705] Key type asymmetric registered
[    4.012506] Asymmetric key parser 'x509' registered
[    4.026092] Block layer SCSI generic (bsg) driver version 0.4 loaded (major 246)
[    4.053109] io scheduler noop registered
[    4.065334] io scheduler deadline registered
[    4.083565] io scheduler cfq registered (default)
[    4.104988] ACPI: AC Adapter [AC] (off-line)
[    4.107427] input: Power Button as /devices/LNXSYSTM:00/LNXPWRBN:00/input/input0
[    4.133637] ACPI: Power Button [PWRF]
[    4.146299] input: Sleep Button as /devices/LNXSYSTM:00/LNXSLPBN:00/input/input1
[    4.149857] ACPI: Sleep Button [SLPF]
[    4.179382] Serial: 8250/16550 driver, 32 ports, IRQ sharing enabled
[    4.183932] ACPI: Battery Slot [BAT0] (battery present)
[    4.249154] 00:02: ttyS0 at I/O 0x3f8 (irq = 4, base_baud = 115200) is a 16550A
[    4.290146] Linux agpgart interface v0.103
[    4.355531] loop: module loaded
[    4.375645] scsi host0: ata_piix
[    4.391322] scsi host1: ata_piix
[    4.402403] ata1: PATA max UDMA/33 cmd 0x1f0 ctl 0x3f6 bmdma 0xd000 irq 14
[    4.422218] ata2: PATA max UDMA/33 cmd 0x170 ctl 0x376 bmdma 0xd008 irq 15
[    4.443240] libphy: Fixed MDIO Bus: probed
[    4.459161] tun: Universal TUN/TAP device driver, 1.6
[    4.476497] PPP generic driver version 2.4.2
[    4.489323] ehci_hcd: USB 2.0 'Enhanced' Host Controller (EHCI) Driver
[    4.506239] ehci-pci: EHCI PCI platform driver
[    4.520365] ehci-platform: EHCI generic platform driver
[    4.535353] ohci_hcd: USB 1.1 'Open' Host Controller (OHCI) Driver
[    4.554936] ohci-pci: OHCI PCI platform driver
[    4.576873] ohci-platform: OHCI generic platform driver
[    4.595043] uhci_hcd: USB Universal Host Controller Interface driver
[    4.633979] i8042: PNP: PS/2 Controller [PNP0303:PS2K,PNP0f03:PS2M] at 0x60,0x64 irq 1,12
[    4.713513] serio: i8042 KBD port at 0x60,0x64 irq 1
[    4.721569] serio: i8042 AUX port at 0x60,0x64 irq 12
[    4.732330] mousedev: PS/2 mouse device common for all mice
[    4.748479] rtc_cmos rtc_cmos: rtc core: registered rtc_cmos as rtc0
[    4.762574] input: AT Translated Set 2 keyboard as /devices/platform/i8042/serio0/input/input2
[    4.779586] rtc_cmos rtc_cmos: alarms up to one day, 114 bytes nvram
[    4.794738] i2c /dev entries driver
[    4.803944] device-mapper: uevent: version 1.0.3
[    4.816218] device-mapper: ioctl: 4.37.0-ioctl (2017-09-20) initialised: dm-devel@redhat.com
[    4.842251] ledtrig-cpu: registered to indicate activity on CPUs
[    4.875294] NET: Registered protocol family 10
[    4.938792] Segment Routing with IPv6
[    4.948367] NET: Registered protocol family 17
[    4.961229] Key type dns_resolver registered
[    4.978128] mce: Using 0 MCE banks
[    4.987096] RAS: Correctable Errors collector initialized.
[    4.999263] sched_clock: Marking stable (4999182503, 0)->(12509781782, -7510599279)
[    5.041590] registered taskstats version 1
[    5.049924] Loading compiled-in X.509 certificates
[    5.086215] Loaded X.509 cert 'Build time autogenerated kernel key: 24b6ce7d986f3307b9608c2edd0b61d009859433'
[    5.117284] zswap: loaded using pool lzo/zbud
[    5.185483] Key type big_key registered
[    5.200871] Key type trusted registered
[    5.230189] Key type encrypted registered
[    5.243469] AppArmor: AppArmor sha1 policy hashing enabled
[    5.265527] ima: No TPM chip found, activating TPM-bypass! (rc=-19)
[    5.286473] ima: Allocated hash algorithm: sha1
[    5.303151] evm: HMAC attrs: 0x1
[    5.319112]   Magic number: 13:762:733
[    5.343123] rtc_cmos rtc_cmos: setting system clock to 2021-03-11 12:44:38 UTC (1615466678)
[    5.374220] BIOS EDD facility v0.16 2004-Jun-25, 0 devices found
[    5.393640] EDD information not available.
[    5.421427] Freeing unused kernel image memory: 2440K
[    5.468807] Write protecting the kernel read-only data: 20480k
[    5.492377] Freeing unused kernel image memory: 2008K
[    5.511756] Freeing unused kernel image memory: 1880K
[    5.553133] x86/mm: Checked W+X mappings: passed, no W+X pages found.
[    5.574008] x86/mm: Checking user space page tables
[    5.604365] x86/mm: Checked W+X mappings: passed, no W+X pages found.
Loading, please wait...
starting version 237
[    6.093858] e1000: Intel(R) PRO/1000 Network Driver - version 7.3.21-k8-NAPI
[    6.110973] e1000: Copyright (c) 1999-2006 Intel Corporation.
[    6.170832] Fusion MPT base driver 3.04.20
[    6.186169] Copyright (c) 1999-2008 LSI Corporation
[    6.373489] Fusion MPT SPI Host driver 3.04.20
[    6.653970] input: ImExPS/2 Generic Explorer Mouse as /devices/platform/i8042/serio1/input/input4
[    8.320882] e1000 0000:00:03.0 eth0: (PCI:33MHz:32-bit) 02:bd:38:fa:b3:5d
[    8.332472] e1000 0000:00:03.0 eth0: Intel(R) PRO/1000 Network Connection
[    8.355377] mptbase: ioc0: Initiating bringup
[    8.358400] e1000 0000:00:03.0 enp0s3: renamed from eth0
[    8.487154] ioc0: LSI53C1030 A0: Capabilities={Initiator}
[   10.283988] random: fast init done
[   10.305331] scsi host2: ioc0: LSI53C1030 A0, FwRev=00000000h, Ports=1, MaxQ=256, IRQ=20
[   10.323909] random: systemd-udevd: uninitialized urandom read (16 bytes read)
[   10.338189] random: systemd-udevd: uninitialized urandom read (16 bytes read)
[   10.353380] random: systemd-udevd: uninitialized urandom read (16 bytes read)
[   10.538076] scsi 2:0:0:0: Direct-Access     VBOX     HARDDISK         1.0  PQ: 0 ANSI: 5
[   12.221471] scsi target2:0:0: Beginning Domain Validation
[   12.271667] scsi target2:0:0: Domain Validation skipping write tests
[   12.290207] scsi target2:0:0: Ending Domain Validation
[   12.302289] scsi target2:0:0: asynchronous
[   12.313860] scsi 2:0:1:0: Direct-Access     VBOX     HARDDISK         1.0  PQ: 0 ANSI: 5
[   13.264846] scsi target2:0:1: Beginning Domain Validation
[   13.294189] scsi target2:0:1: Domain Validation skipping write tests
[   13.307280] scsi target2:0:1: Ending Domain Validation
[   13.319726] scsi target2:0:1: asynchronous
[   13.359357] sd 2:0:0:0: Attached scsi generic sg0 type 0
[   13.360326] sd 2:0:0:0: [sda] 20971520 512-byte logical blocks: (10.7 GB/10.0 GiB)
[   13.381816] sd 2:0:1:0: Attached scsi generic sg1 type 0
[   13.390675] sd 2:0:0:0: [sda] Write Protect is off
[   13.430383] sd 2:0:1:0: [sdb] 20480 512-byte logical blocks: (10.5 MB/10.0 MiB)
[   13.434078] sd 2:0:0:0: [sda] Incomplete mode parameter data
[   13.474244] sd 2:0:0:0: [sda] Assuming drive cache: write through
[   13.474881] sd 2:0:1:0: [sdb] Write Protect is off
[   13.502880]  sda: sda1
[   13.514683] sd 2:0:1:0: [sdb] Incomplete mode parameter data
[   13.521182] sd 2:0:0:0: [sda] Attached SCSI disk
[   13.526308] sd 2:0:1:0: [sdb] Assuming drive cache: write through
[   13.565608] sd 2:0:1:0: [sdb] Attached SCSI disk
Begin: Loading essential drivers ... [   18.013226] raid6: sse2x1   gen()  3236 MB/s
[   18.069024] raid6: sse2x1   xor()  2155 MB/s
[   18.128988] raid6: sse2x2   gen()  4097 MB/s
[   18.188606] raid6: sse2x2   xor()  2689 MB/s
[   18.244679] raid6: sse2x4   gen()  4260 MB/s
[   18.299818] raid6: sse2x4   xor()  2647 MB/s
[   18.312800] raid6: using algorithm sse2x4 gen() 4260 MB/s
[   18.329953] raid6: .... xor() 2647 MB/s, rmw enabled
[   18.342328] raid6: using ssse3x2 recovery algorithm
[   18.362130] xor: measuring software checksum speed
[   18.412789]    prefetch64-sse:  7000.000 MB/sec
[   18.468433]    generic_sse:  8450.000 MB/sec
[   18.476405] xor: using function: generic_sse (8450.000 MB/sec)
[   18.495656] async_tx: api initialized (async)
done.
Begin: Running /scripts/init-premount ... done.
Begin: Mounting root file system ... Begin: Running /scripts/local-top ... done.
Begin: Running /scripts/local-premount ... [   18.670051] Btrfs loaded, crc32c=crc32c-intel
Scanning for Btrfs filesystems
done.
Warning: fsck not present, so skipping root file system
[   18.821599] EXT4-fs (sda1): mounted filesystem with ordered data mode. Opts: (null)
done.
Begin: Running /scripts/local-bottom ... done.
Begin: Running /scripts/init-bottom ... done.
[   19.594433] ip_tables: (C) 2000-2006 Netfilter Core Team
[   19.679638] systemd[1]: systemd 237 running in system mode. (+PAM +AUDIT +SELINUX +IMA +APPARMOR +SMACK +SYSVINIT +UTMP +LIBCRYPTSETUP +GCRYPT +GNUTLS +ACL +XZ +LZ4 +SECCOMP +BLKID +ELFUTILS +KMOD -IDN2 +IDN -PCRE2 default-hierarchy=hybrid)
[   19.741347] systemd[1]: Detected virtualization oracle.
[   19.753525] systemd[1]: Detected architecture x86-64.

Welcome to [1mUbuntu 18.04.5 LTS[0m!

[   19.921828] systemd[1]: Set hostname to <ubuntu-bionic>.
[   21.769880] systemd[1]: Reached target System Time Synchronized.
[[0;32m  OK  [0m] Reached target System Time Synchronized.
[   21.788456] systemd[1]: Reached target User and Group Name Lookups.
[[0;32m  OK  [0m] Reached target User and Group Name Lookups.
[   21.808017] systemd[1]: Reached target Swap.
[[0;32m  OK  [0m] Reached target Swap.
[   21.912155] systemd[1]: Created slice User and Session Slice.
[[0;32m  OK  [0m] Created slice User and Session Slice.
[   21.932057] systemd[1]: Created slice System Slice.
[[0;32m  OK  [0m] Created slice System Slice.
[   21.951319] systemd[1]: Listening on Network Service Netlink Socket.
[[0;32m  OK  [0m] Listening on Network Service Netlink Socket.
[[0;32m  OK  [0m] Listening on /dev/initctl Compatibility Named Pipe.
[[0;32m  OK  [0m] Listening on Syslog Socket.
[[0;32m  OK  [0m] Listening on Journal Socket.
         [   22.010723] random: crng init done
Mounting Kernel Debug File System...
[   22.017081] random: 7 urandom warning(s) missed due to ratelimiting
         Starting Create list of required st…ce nodes for the current kernel...
[[0;32m  OK  [0m] Listening on udev Control Socket.
         Mounting Huge Pages File System...
[[0;32m  OK  [0m] Created slice system-serial\x2dgetty.slice.
         Starting Remount Root and Kernel File Systems...
         Starting Set the console keyboard layout...
[   22.130389] EXT4-fs (sda1): re-mounted. Opts: (null)
[[0;32m  OK  [0m] Listening on udev Kernel Socket.
         Starting Load Kernel Modules...
         Starting Uncomplicated firewall...
         Mounting POSIX Message Queue File System...
[[0;32m  OK  [0m] Listening on LVM2 poll daemon socket.
[   22.248112] Loading iSCSI transport class v2.0-870.
         Starting udev Coldplug all Devices...
[[0;32m  OK  [0m] Started Forward Password Requests to Wall Directory Watch.
[[0;32m  OK  [0m] Listening on Journal Audit Socket.
[[0;32m  OK  [0m] Listening on Device-mapper event daemon FIFOs.
[[0;32m  OK  [0m] Listening on Journal Socket (/dev/log).
[   22.468400] iscsi: registered transport (tcp)
         Starting Journal Service...
[[0;32m  OK  [0m] Set up automount Arbitrary Executab…rmats File System Automount Point.
[[0;32m  OK  [0m] Listening on LVM2 metadata daemon socket.
         Starting Monitoring of LVM2 mirrors…ng dmeventd or progress polling...
[[0;32m  OK  [0m] Reached target Slices.
[[0;32m  OK  [0m] Mounted Kernel Debug File System.
[[0;32m  OK  [0m] Started Create list of required sta…vice nodes for the current kernel.
[[0;32m  OK  [0m] Mounted Huge Pages File System.
[[0;32m  OK  [0m] Started Remount Root and Kernel File Systems.
[[0;32m  OK  [0m] Started Set the console keyboard layout.
[[0;32m  OK  [0m] Started Uncomplicated firewall.
[[0;32m  OK  [0m] Mounted POSIX Message Queue File System.
[   22.972804] iscsi: registered transport (iser)
[[0;32m  OK  [0m] Started LVM2 metadata daemon.
         Starting Load/Save Random Seed...
         Starting Create Static Device Nodes in /dev...
[[0;32m  OK  [0m] Started Load Kernel Modules.
         Mounting Kernel Configuration File System...
         Mounting FUSE Control File System...
         Starting Apply Kernel Variables...
[[0;32m  OK  [0m] Started Journal Service.
[[0;32m  OK  [0m] Started Monitoring of LVM2 mirrors,…sing dmeventd or progress polling.
[[0;32m  OK  [0m] Started Load/Save Random Seed.
[[0;32m  OK  [0m] Mounted Kernel Configuration File System.
[[0;32m  OK  [0m] Mounted FUSE Control File System.
[[0;32m  OK  [0m] Started udev Coldplug all Devices.
[[0;32m  OK  [0m] Started Apply Kernel Variables.
         Starting Flush Journal to Persistent Storage...
[[0;32m  OK  [0m] Started Create Static Device Nodes in /dev.
         Starting udev Kernel Device Manager...
[[0;32m  OK  [0m] Reached target Local File Systems (Pre).
[[0;32m  OK  [0m] Reached target Local File Systems.
         Starting AppArmor initialization...
         Starting Set console font and keymap...
         Starting Tell Plymouth To Write Out Runtime Data...
         Starting ebtables ruleset management...
         Mounting /vagrant...
[[0;32m  OK  [0m] Started Set console font and keymap.
[[0;32m  OK  [0m] Started Tell Plymouth To Write Out Runtime Data.
[[0;32m  OK  [0m] Started udev Kernel Device Manager.
[[0;32m  OK  [0m] Started Dispatch Password Requests to Console Directory Watch.
[[0;32m  OK  [0m] Reached target Local Encrypted Volumes.
[[0;32m  OK  [0m] Started ebtables ruleset management.
[[0;32m  OK  [0m] Mounted /vagrant.
[[0;32m  OK  [0m] Started Flush Journal to Persistent Storage.
         Starting Create Volatile Files and Directories...
[[0;32m  OK  [0m] Started Create Volatile Files and Directories.
         Starting Update UTMP about System Boot/Shutdown...
[[0;32m  OK  [0m] Started Update UTMP about System Boot/Shutdown.
[[0;32m  OK  [0m] Found device /dev/ttyS0.
[[0;32m  OK  [0m] Started AppArmor initialization.
         Starting Initial cloud-init job (pre-networking)...
         Starting Load AppArmor profiles managed internally by snapd...
[[0;32m  OK  [0m] Listening on Load/Save RF Kill Switch Status /dev/rfkill Watch.
[[0;32m  OK  [0m] Started Load AppArmor profiles managed internally by snapd.
[   32.669597] cloud-init[558]: Cloud-init v. 20.3-2-g371b392c-0ubuntu1~18.04.1 running 'init-local' at Thu, 11 Mar 2021 12:45:05 +0000. Up 31.94 seconds.
[[0;32m  OK  [0m] Started Initial cloud-init job (pre-networking).
[[0;32m  OK  [0m] Reached target Network (Pre).
         Starting Network Service...
[[0;32m  OK  [0m] Started Network Service.
         Starting Network Name Resolution...
         Starting Wait for Network to be Configured...
[[0;32m  OK  [0m] Started Network Name Resolution.
[[0;32m  OK  [0m] Reached target Network.
[[0;32m  OK  [0m] Reached target Host and Network Name Lookups.
[[0;32m  OK  [0m] Started Wait for Network to be Configured.
         Starting Initial cloud-init job (metadata service crawler)...
[   40.615663] cloud-init[700]: Cloud-init v. 20.3-2-g371b392c-0ubuntu1~18.04.1 running 'init' at Thu, 11 Mar 2021 12:45:12 +0000. Up 39.20 seconds.
[   40.659766] cloud-init[700]: ci-info: ++++++++++++++++++++++++++++++++++++++Net device info++++++++++++++++++++++++++++++++++++++
[   40.680236] cloud-init[700]: ci-info: +--------+------+----------------------------+---------------+--------+-------------------+
[   40.709644] cloud-init[700]: ci-info: | Device |  Up  |          Address           |      Mask     | Scope  |     Hw-Address    |
[   40.751475] cloud-init[700]: ci-info: +--------+------+----------------------------+---------------+--------+-------------------+
[   40.798221] cloud-init[700]: ci-info: | enp0s3 | True |         10.0.2.15          | 255.255.255.0 | global | 02:bd:38:fa:b3:5d |
[   40.811112] cloud-init[700]: ci-info: | enp0s3 | True | fe80::bd:38ff:fefa:b35d/64 |       .       |  link  | 02:bd:38:fa:b3:5d |
[   40.821479] cloud-init[700]: ci-info: |   lo   | True |         127.0.0.1          |   255.0.0.0   |  host  |         .         |
[   40.831432] cloud-init[700]: ci-info: |   lo   | True |          ::1/128           |       .       |  host  |         .         |
[   40.885474] cloud-init[700]: ci-info: +--------+------+----------------------------+---------------+--------+-------------------+
[   40.940905] cloud-init[700]: ci-info: ++++++++++++++++++++++++++++Route IPv4 info+++++++++++++++++++++++++++++
[   40.961312] cloud-init[700]: ci-info: +-------+-------------+----------+-----------------+-----------+-------+
[   41.000426] cloud-init[700]: ci-info: | Route | Destination | Gateway  |     Genmask     | Interface | Flags |
[   41.015172] cloud-init[700]: ci-info: +-------+-------------+----------+-----------------+-----------+-------+
[   41.049290] cloud-init[700]: ci-info: |   0   |   0.0.0.0   | 10.0.2.2 |     0.0.0.0     |   enp0s3  |   UG  |
[   41.065621] cloud-init[700]: ci-info: |   1   |   10.0.2.0  | 0.0.0.0  |  255.255.255.0  |   enp0s3  |   U   |
[   41.106653] cloud-init[700]: ci-info: |   2   |   10.0.2.2  | 0.0.0.0  | 255.255.255.255 |   enp0s3  |   UH  |
[   41.123629] cloud-init[700]: ci-info: +-------+-------------+----------+-----------------+-----------+-------+
[   41.164785] cloud-init[700]: ci-info: +++++++++++++++++++Route IPv6 info+++++++++++++++++++
[   41.182506] cloud-init[700]: ci-info: +-------+-------------+---------+-----------+-------+
[   41.224389] cloud-init[700]: ci-info: | Route | Destination | Gateway | Interface | Flags |
[   41.242781] cloud-init[700]: ci-info: +-------+-------------+---------+-----------+-------+
[   41.275384] cloud-init[700]: ci-info: |   1   |  fe80::/64  |    ::   |   enp0s3  |   U   |
[   41.288682] cloud-init[700]: ci-info: |   3   |    local    |    ::   |   enp0s3  |   U   |
[   41.301432] cloud-init[700]: ci-info: |   4   |   ff00::/8  |    ::   |   enp0s3  |   U   |
[   41.367440] cloud-init[700]: ci-info: +-------+-------------+---------+-----------+-------+
[[0;32m  OK  [0m] Started Initial cloud-init job (metadata service crawler).
[[0;32m  OK  [0m] Reached target Cloud-config availability.
[[0;32m  OK  [0m] Reached target System Initialization.
[[0;32m  OK  [0m] Listening on ACPID Listen Socket.
[[0;32m  OK  [0m] Started Daily Cleanup of Temporary Directories.
[[0;32m  OK  [0m] Started ACPI Events Check.
[[0;32m  OK  [0m] Reached target Paths.
[[0;32m  OK  [0m] Listening on UUID daemon activation socket.
[[0;32m  OK  [0m] Started Discard unused blocks once a week.
         Starting Socket activation for snappy daemon.
         Starting LXD - unix socket.
[[0;32m  OK  [0m] Started Message of the Day.
[[0;32m  OK  [0m] Listening on D-Bus System Message Bus Socket.
[[0;32m  OK  [0m] Listening on Open-iSCSI iscsid Socket.
[[0;32m  OK  [0m] Started Daily apt download activities.
[[0;32m  OK  [0m] Started Daily apt upgrade and clean activities.
[[0;32m  OK  [0m] Reached target Timers.
[[0;32m  OK  [0m] Reached target Network is Online.
[[0;32m  OK  [0m] Reached target Remote File Systems (Pre).
[[0;32m  OK  [0m] Reached target Remote File Systems.
         Starting Availability of block devices...
[[0;32m  OK  [0m] Listening on Socket activation for snappy daemon.
[[0;32m  OK  [0m] Listening on LXD - unix socket.
[[0;32m  OK  [0m] Started Availability of block devices.
[[0;32m  OK  [0m] Reached target Sockets.
[[0;32m  OK  [0m] Reached target Basic System.
         Starting Dispatcher daemon for systemd-networkd...
         Starting Permit User Sessions...
         Starting LSB: automatic crash report generation...
         Starting Discard unused blocks...
[[0;32m  OK  [0m] Started Regular background program processing daemon.
         Starting LXD - container startup/shutdown...
[[0;32m  OK  [0m] Started Deferred execution scheduler.
         Starting OpenBSD Secure Shell server...
         Starting System Logging Service...
[[0;32m  OK  [0m] Started D-Bus System Message Bus.
[[0;32m  OK  [0m] Started FUSE filesystem for LXC.
         Starting LSB: Record successful boot for GRUB...
[[0;32m  OK  [0m] Started irqbalance daemon.
         Starting Message of the Day...
         Starting Virtualbox guest utils...
         Starting Login Service...
         Starting Accounts Service...
         Starting Snap Daemon...
[[0;32m  OK  [0m] Started System Logging Service.
[[0;32m  OK  [0m] Started Dispatcher daemon for systemd-networkd.
[[0;32m  OK  [0m] Started Permit User Sessions.
[[0;32m  OK  [0m] Started Discard unused blocks.
         Starting Hold until boot process finishes up...
         Starting Terminate Plymouth Boot Screen...
[[0;32m  OK  [0m] Started OpenBSD Secure Shell server.
[[0;32m  OK  [0m] Started Hold until boot process finishes up.
[[0;32m  OK  [0m] Started Serial Getty on ttyS0.
         Starting Set console scheme...
[[0;32m  OK  [0m] Started Terminate Plymouth Boot Screen.
[[0;32m  OK  [0m] Started LSB: automatic crash report generation.
[[0;32m  OK  [0m] Started LSB: Record successful boot for GRUB.
[[0;32m  OK  [0m] Started Set console scheme.
[[0;32m  OK  [0m] Created slice system-getty.slice.
[[0;32m  OK  [0m] Started Getty on tty1.
[[0;32m  OK  [0m] Reached target Login Prompts.
         Starting Authorization Manager...
[[0;32m  OK  [0m] Started Authorization Manager.
[[0;32m  OK  [0m] Started Login Service.
[[0;32m  OK  [0m] Started Accounts Service.
[[0;32m  OK  [0m] Started Virtualbox guest utils.
[[0;32m  OK  [0m] Started Unattended Upgrades Shutdown.
[[0;32m  OK  [0m] Started LXD - container startup/shutdown.

Ubuntu 18.04.5 LTS ubuntu-bionic ttyS0

ubuntu-bionic login: [   62.322226] cloud-init[1196]: Cloud-init v. 20.3-2-g371b392c-0ubuntu1~18.04.1 running 'modules:config' at Thu, 11 Mar 2021 12:45:34 +0000. Up 61.29 seconds.
[   64.991178] cloud-init[1246]: Cloud-init v. 20.3-2-g371b392c-0ubuntu1~18.04.1 running 'modules:final' at Thu, 11 Mar 2021 12:45:37 +0000. Up 64.47 seconds.
[   64.991700] cloud-init[1246]: Cloud-init v. 20.3-2-g371b392c-0ubuntu1~18.04.1 finished at Thu, 11 Mar 2021 12:45:38 +0000. Datasource DataSourceNoCloud [seed=/dev/sdb][dsmode=net].  Up 64.95 seconds
